2019-04-10 15:17:14,031 INFO     tuned.daemon.daemon: stopping tuning
2019-04-10 15:17:14,234 INFO     tuned.daemon.daemon: terminating Tuned due to system shutdown / reboot
2019-04-10 15:18:27,514 INFO     tuned.daemon.application: dynamic tuning is globally disabled
2019-04-10 15:18:27,533 INFO     tuned.daemon.daemon: using sleep interval of 1 second(s)
2019-04-10 15:18:27,537 INFO     tuned.profiles.loader: loading profile: virtual-guest
2019-04-10 15:18:27,547 INFO     tuned.daemon.controller: starting controller
2019-04-10 15:18:27,547 INFO     tuned.daemon.daemon: starting tuning
2019-04-10 15:18:27,564 INFO     tuned.plugins.base: instance cpu: assigning devices cpu0, cpu1
2019-04-10 15:18:27,595 WARNING  tuned.plugins.plugin_cpu: your CPU doesn't support MSR_IA32_ENERGY_PERF_BIAS, ignoring CPU energy performance bias
2019-04-10 15:18:27,595 WARNING  tuned.plugins.base: instance disk: no matching devices available
2019-04-10 15:18:27,870 INFO     tuned.plugins.plugin_sysctl: reapplying system sysctl
2019-04-10 15:18:27,876 INFO     tuned.daemon.daemon: static tuning from profile 'virtual-guest' applied
2019-04-10 15:35:25,556 INFO     tuned.daemon.controller: terminating controller
2019-04-10 15:35:25,591 INFO     tuned.daemon.daemon: stopping tuning
2019-04-10 15:35:26,065 INFO     tuned.daemon.daemon: terminating Tuned due to system shutdown / reboot
2019-04-10 15:46:51,378 INFO     tuned.daemon.application: dynamic tuning is globally disabled
2019-04-10 15:46:51,469 INFO     tuned.daemon.daemon: using sleep interval of 1 second(s)
2019-04-10 15:46:51,477 INFO     tuned.profiles.loader: loading profile: virtual-guest
2019-04-10 15:46:51,490 INFO     tuned.daemon.controller: starting controller
2019-04-10 15:46:51,490 INFO     tuned.daemon.daemon: starting tuning
2019-04-10 15:46:51,516 INFO     tuned.plugins.base: instance cpu: assigning devices cpu0, cpu1
2019-04-10 15:46:51,539 WARNING  tuned.plugins.plugin_cpu: your CPU doesn't support MSR_IA32_ENERGY_PERF_BIAS, ignoring CPU energy performance bias
2019-04-10 15:46:51,539 WARNING  tuned.plugins.base: instance disk: no matching devices available
2019-04-10 15:46:51,654 INFO     tuned.plugins.plugin_sysctl: reapplying system sysctl
2019-04-10 15:46:51,659 INFO     tuned.daemon.daemon: static tuning from profile 'virtual-guest' applied
2019-04-10 15:54:47,642 INFO     tuned.daemon.controller: terminating controller
2019-04-10 15:54:47,654 INFO     tuned.daemon.daemon: stopping tuning
2019-04-10 15:54:48,229 INFO     tuned.daemon.daemon: terminating Tuned due to system shutdown / reboot
2019-04-10 15:55:20,399 INFO     tuned.daemon.application: dynamic tuning is globally disabled
2019-04-10 15:55:20,425 INFO     tuned.daemon.daemon: using sleep interval of 1 second(s)
2019-04-10 15:55:20,429 INFO     tuned.profiles.loader: loading profile: virtual-guest
2019-04-10 15:55:20,441 INFO     tuned.daemon.controller: starting controller
2019-04-10 15:55:20,441 INFO     tuned.daemon.daemon: starting tuning
2019-04-10 15:55:20,465 INFO     tuned.plugins.base: instance cpu: assigning devices cpu0, cpu1
2019-04-10 15:55:20,479 WARNING  tuned.plugins.plugin_cpu: your CPU doesn't support MSR_IA32_ENERGY_PERF_BIAS, ignoring CPU energy performance bias
2019-04-10 15:55:20,479 WARNING  tuned.plugins.base: instance disk: no matching devices available
2019-04-10 15:55:20,637 INFO     tuned.plugins.plugin_sysctl: reapplying system sysctl
2019-04-10 15:55:20,654 INFO     tuned.daemon.daemon: static tuning from profile 'virtual-guest' applied
2019-04-10 15:57:26,866 INFO     tuned.daemon.controller: terminating controller
2019-04-10 15:57:26,867 INFO     tuned.daemon.daemon: stopping tuning
2019-04-10 15:57:27,828 INFO     tuned.daemon.daemon: terminating Tuned due to system shutdown / reboot
2019-04-10 15:58:15,384 INFO     tuned.daemon.application: dynamic tuning is globally disabled
2019-04-10 15:58:15,406 INFO     tuned.daemon.daemon: using sleep interval of 1 second(s)
2019-04-10 15:58:15,410 INFO     tuned.profiles.loader: loading profile: virtual-guest
2019-04-10 15:58:15,419 INFO     tuned.daemon.controller: starting controller
2019-04-10 15:58:15,419 INFO     tuned.daemon.daemon: starting tuning
2019-04-10 15:58:15,447 INFO     tuned.plugins.base: instance cpu: assigning devices cpu0, cpu1
2019-04-10 15:58:15,463 WARNING  tuned.plugins.plugin_cpu: your CPU doesn't support MSR_IA32_ENERGY_PERF_BIAS, ignoring CPU energy performance bias
2019-04-10 15:58:15,464 WARNING  tuned.plugins.base: instance disk: no matching devices available
2019-04-10 15:58:15,769 INFO     tuned.plugins.plugin_sysctl: reapplying system sysctl
2019-04-10 15:58:15,775 INFO     tuned.daemon.daemon: static tuning from profile 'virtual-guest' applied
2019-04-10 15:59:57,341 INFO     tuned.daemon.controller: terminating controller
2019-04-10 15:59:57,342 INFO     tuned.daemon.daemon: stopping tuning
2019-04-10 15:59:57,931 INFO     tuned.daemon.daemon: terminating Tuned due to system shutdown / reboot
2019-04-10 16:01:09,711 INFO     tuned.daemon.application: dynamic tuning is globally disabled
2019-04-10 16:01:09,720 INFO     tuned.daemon.daemon: using sleep interval of 1 second(s)
2019-04-10 16:01:09,725 INFO     tuned.profiles.loader: loading profile: virtual-guest
2019-04-10 16:01:09,733 INFO     tuned.daemon.controller: starting controller
2019-04-10 16:01:09,733 INFO     tuned.daemon.daemon: starting tuning
2019-04-10 16:01:09,753 INFO     tuned.plugins.base: instance cpu: assigning devices cpu0, cpu1
2019-04-10 16:01:09,772 WARNING  tuned.plugins.plugin_cpu: your CPU doesn't support MSR_IA32_ENERGY_PERF_BIAS, ignoring CPU energy performance bias
2019-04-10 16:01:09,772 WARNING  tuned.plugins.base: instance disk: no matching devices available
2019-04-10 16:01:10,019 INFO     tuned.plugins.plugin_sysctl: reapplying system sysctl
2019-04-10 16:01:10,025 INFO     tuned.daemon.daemon: static tuning from profile 'virtual-guest' applied
2019-04-10 16:34:18,393 INFO     tuned.daemon.controller: terminating controller
2019-04-10 16:34:18,393 INFO     tuned.daemon.daemon: stopping tuning
2019-04-10 16:34:19,301 INFO     tuned.daemon.daemon: terminating Tuned due to system shutdown / reboot
2019-04-10 16:48:17,694 INFO     tuned.daemon.application: dynamic tuning is globally disabled
2019-04-10 16:48:17,723 INFO     tuned.daemon.daemon: using sleep interval of 1 second(s)
2019-04-10 16:48:17,731 INFO     tuned.profiles.loader: loading profile: virtual-guest
2019-04-10 16:48:17,746 INFO     tuned.daemon.controller: starting controller
2019-04-10 16:48:17,747 INFO     tuned.daemon.daemon: starting tuning
2019-04-10 16:48:17,773 INFO     tuned.plugins.base: instance cpu: assigning devices cpu0, cpu1
2019-04-10 16:48:17,785 WARNING  tuned.plugins.plugin_cpu: your CPU doesn't support MSR_IA32_ENERGY_PERF_BIAS, ignoring CPU energy performance bias
2019-04-10 16:48:17,785 WARNING  tuned.plugins.base: instance disk: no matching devices available
2019-04-10 16:48:17,908 INFO     tuned.plugins.plugin_sysctl: reapplying system sysctl
2019-04-10 16:48:17,929 INFO     tuned.daemon.daemon: static tuning from profile 'virtual-guest' applied
2019-04-10 16:56:41,082 INFO     tuned.daemon.controller: terminating controller
2019-04-10 16:56:41,083 INFO     tuned.daemon.daemon: stopping tuning
2019-04-10 16:56:41,581 INFO     tuned.daemon.daemon: terminating Tuned due to system shutdown / reboot
2019-04-12 05:16:38,705 INFO     tuned.daemon.application: dynamic tuning is globally disabled
2019-04-12 05:16:38,799 INFO     tuned.daemon.daemon: using sleep interval of 1 second(s)
2019-04-12 05:16:38,987 INFO     tuned.profiles.loader: loading profile: virtual-guest
2019-04-12 05:16:38,995 INFO     tuned.daemon.controller: starting controller
2019-04-12 05:16:38,995 INFO     tuned.daemon.daemon: starting tuning
2019-04-12 05:16:39,094 INFO     tuned.plugins.base: instance cpu: assigning devices cpu0, cpu1
2019-04-12 05:16:39,249 WARNING  tuned.plugins.plugin_cpu: your CPU doesn't support MSR_IA32_ENERGY_PERF_BIAS, ignoring CPU energy performance bias
2019-04-12 05:16:39,250 WARNING  tuned.plugins.base: instance disk: no matching devices available
2019-04-12 05:16:39,288 INFO     tuned.plugins.plugin_sysctl: reapplying system sysctl
2019-04-12 05:16:39,292 INFO     tuned.daemon.daemon: static tuning from profile 'virtual-guest' applied
2019-04-12 05:24:27,782 INFO     tuned.daemon.controller: terminating controller
2019-04-12 05:24:27,782 INFO     tuned.daemon.daemon: stopping tuning
2019-04-12 05:24:27,918 INFO     tuned.daemon.daemon: terminating Tuned due to system shutdown / reboot
2019-05-09 15:58:30,803 INFO     tuned.daemon.application: dynamic tuning is globally disabled
2019-05-09 15:58:30,925 INFO     tuned.daemon.daemon: using sleep interval of 1 second(s)
2019-05-09 15:58:31,182 INFO     tuned.profiles.loader: loading profile: virtual-guest
2019-05-09 15:58:31,191 INFO     tuned.daemon.controller: starting controller
2019-05-09 15:58:31,191 INFO     tuned.daemon.daemon: starting tuning
2019-05-09 15:58:31,280 INFO     tuned.plugins.base: instance cpu: assigning devices cpu0
2019-05-09 15:58:31,359 WARNING  tuned.plugins.plugin_cpu: your CPU doesn't support MSR_IA32_ENERGY_PERF_BIAS, ignoring CPU energy performance bias
2019-05-09 15:58:31,359 INFO     tuned.plugins.base: instance disk: assigning devices xvda
2019-05-09 15:58:31,398 INFO     tuned.plugins.plugin_sysctl: reapplying system sysctl
2019-05-09 15:58:31,402 INFO     tuned.daemon.daemon: static tuning from profile 'virtual-guest' applied
2019-05-09 18:16:26,711 INFO     tuned.daemon.controller: terminating controller
2019-05-09 18:16:26,721 INFO     tuned.daemon.daemon: stopping tuning
2019-05-09 18:16:27,199 INFO     tuned.daemon.daemon: terminating Tuned due to system shutdown / reboot
2019-05-10 18:40:47,943 INFO     tuned.daemon.application: dynamic tuning is globally disabled
2019-05-10 18:40:47,977 INFO     tuned.daemon.daemon: using sleep interval of 1 second(s)
2019-05-10 18:40:47,985 INFO     tuned.profiles.loader: loading profile: virtual-guest
2019-05-10 18:40:48,011 INFO     tuned.daemon.controller: starting controller
2019-05-10 18:40:48,011 INFO     tuned.daemon.daemon: starting tuning
2019-05-10 18:40:48,036 INFO     tuned.plugins.base: instance cpu: assigning devices cpu0
2019-05-10 18:40:48,054 WARNING  tuned.plugins.plugin_cpu: your CPU doesn't support MSR_IA32_ENERGY_PERF_BIAS, ignoring CPU energy performance bias
2019-05-10 18:40:48,054 INFO     tuned.plugins.base: instance disk: assigning devices xvda
2019-05-10 18:40:48,304 INFO     tuned.plugins.plugin_sysctl: reapplying system sysctl
2019-05-10 18:40:48,325 INFO     tuned.daemon.daemon: static tuning from profile 'virtual-guest' applied
2019-05-10 19:07:21,247 INFO     tuned.daemon.controller: terminating controller
2019-05-10 19:07:21,257 INFO     tuned.daemon.daemon: stopping tuning
2019-05-10 19:07:21,596 INFO     tuned.daemon.daemon: terminating Tuned due to system shutdown / reboot
2019-05-10 19:35:49,550 INFO     tuned.daemon.application: dynamic tuning is globally disabled
2019-05-10 19:35:49,579 INFO     tuned.daemon.daemon: using sleep interval of 1 second(s)
2019-05-10 19:35:49,585 INFO     tuned.profiles.loader: loading profile: virtual-guest
2019-05-10 19:35:49,602 INFO     tuned.daemon.controller: starting controller
2019-05-10 19:35:49,606 INFO     tuned.daemon.daemon: starting tuning
2019-05-10 19:35:49,627 INFO     tuned.plugins.base: instance cpu: assigning devices cpu0
2019-05-10 19:35:49,640 WARNING  tuned.plugins.plugin_cpu: your CPU doesn't support MSR_IA32_ENERGY_PERF_BIAS, ignoring CPU energy performance bias
2019-05-10 19:35:49,641 INFO     tuned.plugins.base: instance disk: assigning devices xvda
2019-05-10 19:35:49,848 INFO     tuned.plugins.plugin_sysctl: reapplying system sysctl
2019-05-10 19:35:49,866 INFO     tuned.daemon.daemon: static tuning from profile 'virtual-guest' applied
2019-05-10 19:45:08,466 INFO     tuned.daemon.controller: terminating controller
2019-05-10 19:45:08,466 INFO     tuned.daemon.daemon: stopping tuning
2019-05-10 19:45:08,747 INFO     tuned.daemon.daemon: terminating Tuned due to system shutdown / reboot
2019-06-19 17:44:16,764 INFO     tuned.daemon.application: dynamic tuning is globally disabled
2019-06-19 17:44:16,914 INFO     tuned.daemon.daemon: using sleep interval of 1 second(s)
2019-06-19 17:44:17,217 INFO     tuned.profiles.loader: loading profile: virtual-guest
2019-06-19 17:44:17,289 INFO     tuned.daemon.controller: starting controller
2019-06-19 17:44:17,289 INFO     tuned.daemon.daemon: starting tuning
2019-06-19 17:44:17,659 INFO     tuned.plugins.base: instance cpu: assigning devices cpu0, cpu1
2019-06-19 17:44:17,720 WARNING  tuned.plugins.plugin_cpu: your CPU doesn't support MSR_IA32_ENERGY_PERF_BIAS, ignoring CPU energy performance bias
2019-06-19 17:44:17,721 WARNING  tuned.plugins.base: instance disk: no matching devices available
2019-06-19 17:44:17,972 INFO     tuned.plugins.plugin_sysctl: reapplying system sysctl
2019-06-19 17:44:17,979 INFO     tuned.daemon.daemon: static tuning from profile 'virtual-guest' applied
2019-06-19 19:50:14,682 INFO     tuned.daemon.controller: terminating controller
2019-06-19 19:50:14,683 INFO     tuned.daemon.daemon: stopping tuning
2019-06-19 19:50:15,424 INFO     tuned.daemon.daemon: terminating Tuned due to system shutdown / reboot
2019-06-19 19:56:22,828 INFO     tuned.daemon.application: dynamic tuning is globally disabled
2019-06-19 19:56:22,837 INFO     tuned.daemon.daemon: using sleep interval of 1 second(s)
2019-06-19 19:56:22,846 INFO     tuned.profiles.loader: loading profile: virtual-guest
2019-06-19 19:56:22,860 INFO     tuned.daemon.controller: starting controller
2019-06-19 19:56:22,860 INFO     tuned.daemon.daemon: starting tuning
2019-06-19 19:56:22,869 INFO     tuned.plugins.base: instance cpu: assigning devices cpu0, cpu1
2019-06-19 19:56:22,894 WARNING  tuned.plugins.plugin_cpu: your CPU doesn't support MSR_IA32_ENERGY_PERF_BIAS, ignoring CPU energy performance bias
2019-06-19 19:56:22,895 WARNING  tuned.plugins.base: instance disk: no matching devices available
2019-06-19 19:56:22,943 INFO     tuned.plugins.plugin_sysctl: reapplying system sysctl
2019-06-19 19:56:22,948 INFO     tuned.daemon.daemon: static tuning from profile 'virtual-guest' applied
2019-06-19 20:20:56,606 INFO     tuned.daemon.controller: terminating controller
2019-06-19 20:20:56,607 INFO     tuned.daemon.daemon: stopping tuning
2019-06-19 20:20:56,812 INFO     tuned.daemon.daemon: terminating Tuned due to system shutdown / reboot
2019-07-09 19:31:56,326 INFO     tuned.daemon.application: dynamic tuning is globally disabled
2019-07-09 19:31:56,337 INFO     tuned.daemon.daemon: using sleep interval of 1 second(s)
2019-07-09 19:31:56,498 INFO     tuned.profiles.loader: loading profile: virtual-guest
2019-07-09 19:31:56,512 INFO     tuned.daemon.controller: starting controller
2019-07-09 19:31:56,512 INFO     tuned.daemon.daemon: starting tuning
2019-07-09 19:31:56,654 INFO     tuned.plugins.base: instance cpu: assigning devices cpu0
2019-07-09 19:31:56,674 WARNING  tuned.plugins.plugin_cpu: your CPU doesn't support MSR_IA32_ENERGY_PERF_BIAS, ignoring CPU energy performance bias
2019-07-09 19:31:56,674 INFO     tuned.plugins.base: instance disk: assigning devices xvda
2019-07-09 19:31:56,757 INFO     tuned.plugins.plugin_sysctl: reapplying system sysctl
2019-07-09 19:31:56,766 INFO     tuned.daemon.daemon: static tuning from profile 'virtual-guest' applied
2019-07-09 19:57:58,133 INFO     tuned.daemon.controller: terminating controller
2019-07-09 19:57:58,136 INFO     tuned.daemon.daemon: stopping tuning
2019-07-09 19:57:58,634 INFO     tuned.daemon.daemon: terminating Tuned due to system shutdown / reboot
2019-07-09 19:59:55,717 INFO     tuned.daemon.application: dynamic tuning is globally disabled
2019-07-09 19:59:55,732 INFO     tuned.daemon.daemon: using sleep interval of 1 second(s)
2019-07-09 19:59:55,745 INFO     tuned.profiles.loader: loading profile: virtual-guest
2019-07-09 19:59:55,755 INFO     tuned.daemon.controller: starting controller
2019-07-09 19:59:55,755 INFO     tuned.daemon.daemon: starting tuning
2019-07-09 19:59:55,802 INFO     tuned.plugins.base: instance cpu: assigning devices cpu0
2019-07-09 19:59:55,818 WARNING  tuned.plugins.plugin_cpu: your CPU doesn't support MSR_IA32_ENERGY_PERF_BIAS, ignoring CPU energy performance bias
2019-07-09 19:59:55,818 INFO     tuned.plugins.base: instance disk: assigning devices xvda
2019-07-09 19:59:55,933 INFO     tuned.plugins.plugin_sysctl: reapplying system sysctl
2019-07-09 19:59:55,938 INFO     tuned.daemon.daemon: static tuning from profile 'virtual-guest' applied
2019-07-09 20:09:38,076 INFO     tuned.daemon.controller: terminating controller
2019-07-09 20:09:38,084 INFO     tuned.daemon.daemon: stopping tuning
2019-07-09 20:09:38,798 INFO     tuned.daemon.daemon: terminating Tuned due to system shutdown / reboot
2019-08-16 15:44:03,258 INFO     tuned.daemon.application: dynamic tuning is globally disabled
2019-08-16 15:44:03,368 INFO     tuned.daemon.daemon: using sleep interval of 1 second(s)
2019-08-16 15:44:03,474 INFO     tuned.profiles.loader: loading profile: virtual-guest
2019-08-16 15:44:03,500 INFO     tuned.daemon.controller: starting controller
2019-08-16 15:44:03,500 INFO     tuned.daemon.daemon: starting tuning
2019-08-16 15:44:03,888 INFO     tuned.plugins.base: instance cpu: assigning devices cpu0, cpu1
2019-08-16 15:44:03,949 WARNING  tuned.plugins.plugin_cpu: your CPU doesn't support MSR_IA32_ENERGY_PERF_BIAS, ignoring CPU energy performance bias
2019-08-16 15:44:03,950 WARNING  tuned.plugins.base: instance disk: no matching devices available
2019-08-16 15:44:04,045 INFO     tuned.plugins.plugin_sysctl: reapplying system sysctl
2019-08-16 15:44:04,049 INFO     tuned.daemon.daemon: static tuning from profile 'virtual-guest' applied
2019-08-16 15:48:45,796 INFO     tuned.daemon.controller: terminating controller
2019-08-16 15:48:45,797 INFO     tuned.daemon.daemon: stopping tuning
2019-08-16 15:48:46,387 INFO     tuned.daemon.daemon: terminating Tuned, rolling back all changes
2019-08-16 15:48:46,884 INFO     tuned.daemon.application: dynamic tuning is globally disabled
2019-08-16 15:48:46,891 INFO     tuned.daemon.daemon: using sleep interval of 1 second(s)
2019-08-16 15:48:46,891 INFO     tuned.profiles.loader: loading profile: virtual-guest
2019-08-16 15:48:46,897 INFO     tuned.daemon.controller: starting controller
2019-08-16 15:48:46,897 INFO     tuned.daemon.daemon: starting tuning
2019-08-16 15:48:46,900 INFO     tuned.plugins.base: instance cpu: assigning devices cpu0, cpu1
2019-08-16 15:48:46,904 WARNING  tuned.plugins.plugin_cpu: your CPU doesn't support MSR_IA32_ENERGY_PERF_BIAS, ignoring CPU energy performance bias
2019-08-16 15:48:46,904 WARNING  tuned.plugins.base: instance disk: no matching devices available
2019-08-16 15:48:46,936 INFO     tuned.plugins.plugin_sysctl: reapplying system sysctl
2019-08-16 15:48:46,940 INFO     tuned.daemon.daemon: static tuning from profile 'virtual-guest' applied
2019-08-16 15:50:55,023 INFO     tuned.daemon.controller: terminating controller
2019-08-16 15:50:55,024 INFO     tuned.daemon.daemon: stopping tuning
2019-08-16 15:50:55,404 INFO     tuned.daemon.daemon: terminating Tuned due to system shutdown / reboot
2019-08-16 15:51:56,789 INFO     tuned.daemon.application: dynamic tuning is globally disabled
2019-08-16 15:51:56,798 INFO     tuned.daemon.daemon: using sleep interval of 1 second(s)
2019-08-16 15:51:56,810 INFO     tuned.profiles.loader: loading profile: virtual-guest
2019-08-16 15:51:56,821 INFO     tuned.daemon.controller: starting controller
2019-08-16 15:51:56,821 INFO     tuned.daemon.daemon: starting tuning
2019-08-16 15:51:56,829 INFO     tuned.plugins.base: instance cpu: assigning devices cpu0, cpu1
2019-08-16 15:51:56,839 WARNING  tuned.plugins.plugin_cpu: your CPU doesn't support MSR_IA32_ENERGY_PERF_BIAS, ignoring CPU energy performance bias
2019-08-16 15:51:56,839 WARNING  tuned.plugins.base: instance disk: no matching devices available
2019-08-16 15:51:56,892 INFO     tuned.plugins.plugin_sysctl: reapplying system sysctl
2019-08-16 15:51:56,898 INFO     tuned.daemon.daemon: static tuning from profile 'virtual-guest' applied
2019-08-16 17:42:02,025 INFO     tuned.daemon.controller: terminating controller
2019-08-16 17:42:02,026 INFO     tuned.daemon.daemon: stopping tuning
2019-08-16 17:42:02,419 INFO     tuned.daemon.daemon: terminating Tuned due to system shutdown / reboot
2019-08-16 17:42:59,357 INFO     tuned.daemon.application: dynamic tuning is globally disabled
2019-08-16 17:42:59,368 INFO     tuned.daemon.daemon: using sleep interval of 1 second(s)
2019-08-16 17:42:59,517 INFO     tuned.profiles.loader: loading profile: virtual-guest
2019-08-16 17:42:59,526 INFO     tuned.daemon.controller: starting controller
2019-08-16 17:42:59,526 INFO     tuned.daemon.daemon: starting tuning
2019-08-16 17:42:59,544 INFO     tuned.plugins.base: instance cpu: assigning devices cpu0, cpu1
2019-08-16 17:42:59,560 WARNING  tuned.plugins.plugin_cpu: your CPU doesn't support MSR_IA32_ENERGY_PERF_BIAS, ignoring CPU energy performance bias
2019-08-16 17:42:59,560 WARNING  tuned.plugins.base: instance disk: no matching devices available
2019-08-16 17:42:59,600 INFO     tuned.plugins.plugin_sysctl: reapplying system sysctl
2019-08-16 17:42:59,605 INFO     tuned.daemon.daemon: static tuning from profile 'virtual-guest' applied
2019-08-16 17:56:22,467 INFO     tuned.daemon.controller: terminating controller
2019-08-16 17:56:22,467 INFO     tuned.daemon.daemon: stopping tuning
2019-08-16 17:56:22,663 INFO     tuned.daemon.daemon: terminating Tuned due to system shutdown / reboot
2019-08-27 19:47:26,291 INFO     tuned.daemon.application: dynamic tuning is globally disabled
2019-08-27 19:47:26,395 INFO     tuned.daemon.daemon: using sleep interval of 1 second(s)
2019-08-27 19:47:26,679 INFO     tuned.profiles.loader: loading profile: virtual-guest
2019-08-27 19:47:26,700 INFO     tuned.daemon.controller: starting controller
2019-08-27 19:47:26,700 INFO     tuned.daemon.daemon: starting tuning
2019-08-27 19:47:26,920 INFO     tuned.plugins.base: instance cpu: assigning devices cpu0, cpu1
2019-08-27 19:47:27,045 WARNING  tuned.plugins.plugin_cpu: your CPU doesn't support MSR_IA32_ENERGY_PERF_BIAS, ignoring CPU energy performance bias
2019-08-27 19:47:27,045 WARNING  tuned.plugins.base: instance disk: no matching devices available
2019-08-27 19:47:27,098 INFO     tuned.plugins.plugin_sysctl: reapplying system sysctl
2019-08-27 19:47:27,102 INFO     tuned.daemon.daemon: static tuning from profile 'virtual-guest' applied
2019-08-27 20:01:19,824 INFO     tuned.daemon.controller: terminating controller
2019-08-27 20:01:19,826 INFO     tuned.daemon.daemon: stopping tuning
2019-08-27 20:01:20,048 INFO     tuned.daemon.daemon: terminating Tuned due to system shutdown / reboot
2019-08-27 20:04:47,994 INFO     tuned.daemon.application: dynamic tuning is globally disabled
2019-08-27 20:04:48,005 INFO     tuned.daemon.daemon: using sleep interval of 1 second(s)
2019-08-27 20:04:48,012 INFO     tuned.profiles.loader: loading profile: virtual-guest
2019-08-27 20:04:48,021 INFO     tuned.daemon.controller: starting controller
2019-08-27 20:04:48,021 INFO     tuned.daemon.daemon: starting tuning
2019-08-27 20:04:48,051 INFO     tuned.plugins.base: instance cpu: assigning devices cpu0, cpu1
2019-08-27 20:04:48,057 WARNING  tuned.plugins.plugin_cpu: your CPU doesn't support MSR_IA32_ENERGY_PERF_BIAS, ignoring CPU energy performance bias
2019-08-27 20:04:48,057 WARNING  tuned.plugins.base: instance disk: no matching devices available
2019-08-27 20:04:48,111 INFO     tuned.plugins.plugin_sysctl: reapplying system sysctl
2019-08-27 20:04:48,120 INFO     tuned.daemon.daemon: static tuning from profile 'virtual-guest' applied
2019-08-27 21:06:04,814 INFO     tuned.daemon.controller: terminating controller
2019-08-27 21:06:04,815 INFO     tuned.daemon.daemon: stopping tuning
2019-08-27 21:06:05,233 INFO     tuned.daemon.daemon: terminating Tuned due to system shutdown / reboot
2019-08-30 16:36:36,694 INFO     tuned.daemon.application: dynamic tuning is globally disabled
2019-08-30 16:36:36,749 INFO     tuned.daemon.daemon: using sleep interval of 1 second(s)
2019-08-30 16:36:37,552 INFO     tuned.profiles.loader: loading profile: virtual-guest
2019-08-30 16:36:37,565 INFO     tuned.daemon.controller: starting controller
2019-08-30 16:36:37,565 INFO     tuned.daemon.daemon: starting tuning
2019-08-30 16:36:37,573 INFO     tuned.plugins.base: instance cpu: assigning devices cpu0, cpu1
2019-08-30 16:36:37,600 WARNING  tuned.plugins.plugin_cpu: your CPU doesn't support MSR_IA32_ENERGY_PERF_BIAS, ignoring CPU energy performance bias
2019-08-30 16:36:37,600 WARNING  tuned.plugins.base: instance disk: no matching devices available
2019-08-30 16:36:37,654 INFO     tuned.plugins.plugin_sysctl: reapplying system sysctl
2019-08-30 16:36:37,662 INFO     tuned.daemon.daemon: static tuning from profile 'virtual-guest' applied
2019-08-30 16:47:17,940 INFO     tuned.daemon.controller: terminating controller
2019-08-30 16:47:17,942 INFO     tuned.daemon.daemon: stopping tuning
2019-08-30 16:47:18,790 INFO     tuned.daemon.daemon: terminating Tuned due to system shutdown / reboot
2019-09-17 15:06:36,298 INFO     tuned.daemon.application: dynamic tuning is globally disabled
2019-09-17 15:06:36,435 INFO     tuned.daemon.daemon: using sleep interval of 1 second(s)
2019-09-17 15:06:36,640 INFO     tuned.profiles.loader: loading profile: virtual-guest
2019-09-17 15:06:36,666 INFO     tuned.daemon.controller: starting controller
2019-09-17 15:06:36,666 INFO     tuned.daemon.daemon: starting tuning
2019-09-17 15:06:36,945 INFO     tuned.plugins.base: instance cpu: assigning devices cpu0, cpu1
2019-09-17 15:06:37,255 WARNING  tuned.plugins.plugin_cpu: your CPU doesn't support MSR_IA32_ENERGY_PERF_BIAS, ignoring CPU energy performance bias
2019-09-17 15:06:37,256 WARNING  tuned.plugins.base: instance disk: no matching devices available
2019-09-17 15:06:37,298 INFO     tuned.plugins.plugin_sysctl: reapplying system sysctl
2019-09-17 15:06:37,303 INFO     tuned.daemon.daemon: static tuning from profile 'virtual-guest' applied
2019-09-17 15:13:36,927 INFO     tuned.daemon.controller: terminating controller
2019-09-17 15:13:36,929 INFO     tuned.daemon.daemon: stopping tuning
2019-09-17 15:13:37,893 INFO     tuned.daemon.daemon: terminating Tuned, rolling back all changes
2019-09-17 15:13:38,439 INFO     tuned.daemon.application: dynamic tuning is globally disabled
2019-09-17 15:13:38,447 INFO     tuned.daemon.daemon: using sleep interval of 1 second(s)
2019-09-17 15:13:38,448 INFO     tuned.profiles.loader: loading profile: virtual-guest
2019-09-17 15:13:38,457 INFO     tuned.daemon.controller: starting controller
2019-09-17 15:13:38,458 INFO     tuned.daemon.daemon: starting tuning
2019-09-17 15:13:38,469 INFO     tuned.plugins.base: instance cpu: assigning devices cpu0, cpu1
2019-09-17 15:13:38,476 WARNING  tuned.plugins.plugin_cpu: your CPU doesn't support MSR_IA32_ENERGY_PERF_BIAS, ignoring CPU energy performance bias
2019-09-17 15:13:38,476 WARNING  tuned.plugins.base: instance disk: no matching devices available
2019-09-17 15:13:38,524 INFO     tuned.plugins.plugin_sysctl: reapplying system sysctl
2019-09-17 15:13:38,531 INFO     tuned.daemon.daemon: static tuning from profile 'virtual-guest' applied
2019-09-17 15:21:48,838 INFO     tuned.daemon.controller: terminating controller
2019-09-17 15:21:48,838 INFO     tuned.daemon.daemon: stopping tuning
2019-09-17 15:21:49,101 INFO     tuned.daemon.daemon: terminating Tuned, rolling back all changes
2019-09-17 15:21:50,283 INFO     tuned.daemon.application: dynamic tuning is globally disabled
2019-09-17 15:21:50,293 INFO     tuned.daemon.daemon: using sleep interval of 1 second(s)
2019-09-17 15:21:50,295 INFO     tuned.profiles.loader: loading profile: virtual-guest
2019-09-17 15:21:50,308 INFO     tuned.daemon.controller: starting controller
2019-09-17 15:21:50,309 INFO     tuned.daemon.daemon: starting tuning
2019-09-17 15:21:50,316 INFO     tuned.plugins.base: instance cpu: assigning devices cpu0, cpu1
2019-09-17 15:21:50,319 INFO     tuned.plugins.plugin_cpu: We are running on an x86 GenuineIntel platform
2019-09-17 15:21:50,326 WARNING  tuned.plugins.plugin_cpu: your CPU doesn't support MSR_IA32_ENERGY_PERF_BIAS, ignoring CPU energy performance bias
2019-09-17 15:21:50,327 WARNING  tuned.plugins.base: instance disk: no matching devices available
2019-09-17 15:21:50,331 INFO     tuned.plugins.plugin_sysctl: reapplying system sysctl
2019-09-17 15:21:50,334 INFO     tuned.daemon.daemon: static tuning from profile 'virtual-guest' applied
2019-09-17 15:22:13,917 INFO     tuned.daemon.controller: terminating controller
2019-09-17 15:22:13,918 INFO     tuned.daemon.daemon: stopping tuning
2019-09-17 15:22:14,396 INFO     tuned.daemon.daemon: terminating Tuned, rolling back all changes
2019-09-17 15:22:14,565 INFO     tuned.daemon.application: dynamic tuning is globally disabled
2019-09-17 15:22:14,572 INFO     tuned.daemon.daemon: using sleep interval of 1 second(s)
2019-09-17 15:22:14,573 INFO     tuned.profiles.loader: loading profile: virtual-guest
2019-09-17 15:22:14,585 INFO     tuned.daemon.controller: starting controller
2019-09-17 15:22:14,585 INFO     tuned.daemon.daemon: starting tuning
2019-09-17 15:22:14,599 INFO     tuned.plugins.base: instance cpu: assigning devices cpu0, cpu1
2019-09-17 15:22:14,600 INFO     tuned.plugins.plugin_cpu: We are running on an x86 GenuineIntel platform
2019-09-17 15:22:14,609 WARNING  tuned.plugins.plugin_cpu: your CPU doesn't support MSR_IA32_ENERGY_PERF_BIAS, ignoring CPU energy performance bias
2019-09-17 15:22:14,610 WARNING  tuned.plugins.base: instance disk: no matching devices available
2019-09-17 15:22:14,615 INFO     tuned.plugins.plugin_sysctl: reapplying system sysctl
2019-09-17 15:22:14,616 INFO     tuned.daemon.daemon: static tuning from profile 'virtual-guest' applied
2019-09-17 15:26:14,643 INFO     tuned.daemon.controller: terminating controller
2019-09-17 15:26:14,644 INFO     tuned.daemon.daemon: stopping tuning
2019-09-17 15:26:15,323 INFO     tuned.daemon.daemon: terminating Tuned due to system shutdown / reboot
2019-09-17 15:27:51,070 INFO     tuned.daemon.application: dynamic tuning is globally disabled
2019-09-17 15:27:51,100 INFO     tuned.daemon.daemon: using sleep interval of 1 second(s)
2019-09-17 15:27:51,123 INFO     tuned.profiles.loader: loading profile: virtual-guest
2019-09-17 15:27:51,133 INFO     tuned.daemon.controller: starting controller
2019-09-17 15:27:51,133 INFO     tuned.daemon.daemon: starting tuning
2019-09-17 15:27:51,145 INFO     tuned.plugins.base: instance cpu: assigning devices cpu0, cpu1
2019-09-17 15:27:51,146 INFO     tuned.plugins.plugin_cpu: We are running on an x86 GenuineIntel platform
2019-09-17 15:27:51,151 WARNING  tuned.plugins.plugin_cpu: your CPU doesn't support MSR_IA32_ENERGY_PERF_BIAS, ignoring CPU energy performance bias
2019-09-17 15:27:51,152 WARNING  tuned.plugins.base: instance disk: no matching devices available
2019-09-17 15:27:51,155 INFO     tuned.plugins.plugin_sysctl: reapplying system sysctl
2019-09-17 15:27:51,156 INFO     tuned.daemon.daemon: static tuning from profile 'virtual-guest' applied
2019-09-17 15:30:42,047 INFO     tuned.daemon.controller: terminating controller
2019-09-17 15:30:42,049 INFO     tuned.daemon.daemon: stopping tuning
2019-09-17 15:30:42,406 INFO     tuned.daemon.daemon: terminating Tuned due to system shutdown / reboot
2019-10-16 20:13:24,045 INFO     tuned.daemon.application: dynamic tuning is globally disabled
2019-10-16 20:13:24,076 INFO     tuned.daemon.daemon: using sleep interval of 1 second(s)
2019-10-16 20:13:24,124 INFO     tuned.profiles.loader: loading profile: virtual-guest
2019-10-16 20:13:24,135 INFO     tuned.daemon.controller: starting controller
2019-10-16 20:13:24,135 INFO     tuned.daemon.daemon: starting tuning
2019-10-16 20:13:24,246 INFO     tuned.plugins.base: instance cpu: assigning devices cpu0, cpu1
2019-10-16 20:13:24,249 INFO     tuned.plugins.plugin_cpu: We are running on an x86 GenuineIntel platform
2019-10-16 20:13:24,263 WARNING  tuned.plugins.plugin_cpu: your CPU doesn't support MSR_IA32_ENERGY_PERF_BIAS, ignoring CPU energy performance bias
2019-10-16 20:13:24,264 WARNING  tuned.plugins.base: instance disk: no matching devices available
2019-10-16 20:13:24,272 INFO     tuned.plugins.plugin_sysctl: reapplying system sysctl
2019-10-16 20:13:24,274 INFO     tuned.daemon.daemon: static tuning from profile 'virtual-guest' applied
2019-10-16 20:31:55,723 INFO     tuned.daemon.controller: terminating controller
2019-10-16 20:31:55,724 INFO     tuned.daemon.daemon: stopping tuning
2019-10-16 20:31:56,559 INFO     tuned.daemon.daemon: terminating Tuned due to system shutdown / reboot
2019-10-16 20:33:23,578 INFO     tuned.daemon.application: dynamic tuning is globally disabled
2019-10-16 20:33:23,602 INFO     tuned.daemon.daemon: using sleep interval of 1 second(s)
2019-10-16 20:33:23,608 INFO     tuned.profiles.loader: loading profile: virtual-guest
2019-10-16 20:33:23,616 INFO     tuned.daemon.controller: starting controller
2019-10-16 20:33:23,616 INFO     tuned.daemon.daemon: starting tuning
2019-10-16 20:33:23,626 INFO     tuned.plugins.base: instance cpu: assigning devices cpu0, cpu1
2019-10-16 20:33:23,628 INFO     tuned.plugins.plugin_cpu: We are running on an x86 GenuineIntel platform
2019-10-16 20:33:23,635 WARNING  tuned.plugins.plugin_cpu: your CPU doesn't support MSR_IA32_ENERGY_PERF_BIAS, ignoring CPU energy performance bias
2019-10-16 20:33:23,636 WARNING  tuned.plugins.base: instance disk: no matching devices available
2019-10-16 20:33:23,638 INFO     tuned.plugins.plugin_sysctl: reapplying system sysctl
2019-10-16 20:33:23,639 INFO     tuned.daemon.daemon: static tuning from profile 'virtual-guest' applied
2019-10-16 21:00:01,548 INFO     tuned.daemon.controller: terminating controller
2019-10-16 21:00:01,548 INFO     tuned.daemon.daemon: stopping tuning
2019-10-16 21:00:02,490 INFO     tuned.daemon.daemon: terminating Tuned due to system shutdown / reboot
2019-12-04 17:46:32,224 INFO     tuned.daemon.application: dynamic tuning is globally disabled
2019-12-04 17:46:32,307 INFO     tuned.daemon.daemon: using sleep interval of 1 second(s)
2019-12-04 17:46:32,470 INFO     tuned.profiles.loader: loading profile: virtual-guest
2019-12-04 17:46:32,498 INFO     tuned.daemon.controller: starting controller
2019-12-04 17:46:32,499 INFO     tuned.daemon.daemon: starting tuning
2019-12-04 17:46:32,663 INFO     tuned.plugins.base: instance cpu: assigning devices cpu0, cpu1
2019-12-04 17:46:32,668 INFO     tuned.plugins.plugin_cpu: We are running on an x86 GenuineIntel platform
2019-12-04 17:46:32,686 WARNING  tuned.plugins.plugin_cpu: your CPU doesn't support MSR_IA32_ENERGY_PERF_BIAS, ignoring CPU energy performance bias
2019-12-04 17:46:32,687 WARNING  tuned.plugins.base: instance disk: no matching devices available
2019-12-04 17:46:32,697 INFO     tuned.plugins.plugin_sysctl: reapplying system sysctl
2019-12-04 17:46:32,698 INFO     tuned.daemon.daemon: static tuning from profile 'virtual-guest' applied
2019-12-04 18:06:55,843 INFO     tuned.daemon.controller: terminating controller
2019-12-04 18:06:55,844 INFO     tuned.daemon.daemon: stopping tuning
2019-12-04 18:06:56,166 INFO     tuned.daemon.daemon: terminating Tuned due to system shutdown / reboot
2019-12-11 23:26:54,702 INFO     tuned.daemon.application: dynamic tuning is globally disabled
2019-12-11 23:26:54,793 INFO     tuned.daemon.daemon: using sleep interval of 1 second(s)
2019-12-11 23:26:54,996 INFO     tuned.profiles.loader: loading profile: virtual-guest
2019-12-11 23:26:55,032 INFO     tuned.daemon.controller: starting controller
2019-12-11 23:26:55,032 INFO     tuned.daemon.daemon: starting tuning
2019-12-11 23:26:55,153 INFO     tuned.plugins.base: instance cpu: assigning devices cpu0, cpu1
2019-12-11 23:26:55,161 INFO     tuned.plugins.plugin_cpu: We are running on an x86 GenuineIntel platform
2019-12-11 23:26:55,179 WARNING  tuned.plugins.plugin_cpu: your CPU doesn't support MSR_IA32_ENERGY_PERF_BIAS, ignoring CPU energy performance bias
2019-12-11 23:26:55,181 WARNING  tuned.plugins.base: instance disk: no matching devices available
2019-12-11 23:26:55,192 INFO     tuned.plugins.plugin_sysctl: reapplying system sysctl
2019-12-11 23:26:55,193 INFO     tuned.daemon.daemon: static tuning from profile 'virtual-guest' applied
2019-12-11 23:33:55,332 INFO     tuned.daemon.controller: terminating controller
2019-12-11 23:33:55,333 INFO     tuned.daemon.daemon: stopping tuning
2019-12-11 23:33:55,776 INFO     tuned.daemon.daemon: terminating Tuned due to system shutdown / reboot
2020-02-03 19:34:59,672 INFO     tuned.daemon.application: dynamic tuning is globally disabled
2020-02-03 19:34:59,729 INFO     tuned.daemon.daemon: using sleep interval of 1 second(s)
2020-02-03 19:34:59,733 INFO     tuned.profiles.loader: loading profile: virtual-guest
2020-02-03 19:34:59,743 INFO     tuned.daemon.controller: starting controller
2020-02-03 19:34:59,743 INFO     tuned.daemon.daemon: starting tuning
2020-02-03 19:34:59,861 INFO     tuned.plugins.base: instance cpu: assigning devices cpu0, cpu1
2020-02-03 19:34:59,862 INFO     tuned.plugins.plugin_cpu: We are running on an x86 GenuineIntel platform
2020-02-03 19:34:59,869 WARNING  tuned.plugins.plugin_cpu: your CPU doesn't support MSR_IA32_ENERGY_PERF_BIAS, ignoring CPU energy performance bias
2020-02-03 19:34:59,870 WARNING  tuned.plugins.base: instance disk: no matching devices available
2020-02-03 19:34:59,872 INFO     tuned.plugins.plugin_sysctl: reapplying system sysctl
2020-02-03 19:34:59,874 INFO     tuned.daemon.daemon: static tuning from profile 'virtual-guest' applied
2020-02-03 19:45:29,467 INFO     tuned.daemon.controller: terminating controller
2020-02-03 19:45:29,468 INFO     tuned.daemon.daemon: stopping tuning
2020-02-03 19:45:29,945 INFO     tuned.daemon.daemon: terminating Tuned due to system shutdown / reboot
2020-02-03 19:47:34,899 INFO     tuned.daemon.application: dynamic tuning is globally disabled
2020-02-03 19:47:35,095 INFO     tuned.daemon.daemon: using sleep interval of 1 second(s)
2020-02-03 19:47:35,100 INFO     tuned.profiles.loader: loading profile: virtual-guest
2020-02-03 19:47:35,201 INFO     tuned.daemon.controller: starting controller
2020-02-03 19:47:35,201 INFO     tuned.daemon.daemon: starting tuning
2020-02-03 19:47:35,595 INFO     tuned.plugins.base: instance cpu: assigning devices cpu0, cpu1
2020-02-03 19:47:35,597 INFO     tuned.plugins.plugin_cpu: We are running on an x86 GenuineIntel platform
2020-02-03 19:47:35,893 WARNING  tuned.plugins.plugin_cpu: your CPU doesn't support MSR_IA32_ENERGY_PERF_BIAS, ignoring CPU energy performance bias
2020-02-03 19:47:35,894 WARNING  tuned.plugins.base: instance disk: no matching devices available
2020-02-03 19:47:36,298 INFO     tuned.plugins.plugin_sysctl: reapplying system sysctl
2020-02-03 19:47:36,300 INFO     tuned.daemon.daemon: static tuning from profile 'virtual-guest' applied
2020-02-03 19:59:10,177 INFO     tuned.daemon.controller: terminating controller
2020-02-03 19:59:10,190 INFO     tuned.daemon.daemon: stopping tuning
2020-02-03 19:59:10,718 INFO     tuned.daemon.daemon: terminating Tuned due to system shutdown / reboot
2020-03-17 18:57:13,755 INFO     tuned.daemon.application: dynamic tuning is globally disabled
2020-03-17 18:57:13,842 INFO     tuned.daemon.daemon: using sleep interval of 1 second(s)
2020-03-17 18:57:13,850 INFO     tuned.profiles.loader: loading profile: virtual-guest
2020-03-17 18:57:13,858 INFO     tuned.daemon.controller: starting controller
2020-03-17 18:57:13,858 INFO     tuned.daemon.daemon: starting tuning
2020-03-17 18:57:13,962 INFO     tuned.plugins.base: instance cpu: assigning devices cpu0, cpu1
2020-03-17 18:57:13,963 INFO     tuned.plugins.plugin_cpu: We are running on an x86 GenuineIntel platform
2020-03-17 18:57:13,969 WARNING  tuned.plugins.plugin_cpu: your CPU doesn't support MSR_IA32_ENERGY_PERF_BIAS, ignoring CPU energy performance bias
2020-03-17 18:57:13,970 WARNING  tuned.plugins.base: instance disk: no matching devices available
2020-03-17 18:57:13,972 INFO     tuned.plugins.plugin_sysctl: reapplying system sysctl
2020-03-17 18:57:13,973 INFO     tuned.daemon.daemon: static tuning from profile 'virtual-guest' applied
2020-03-17 19:15:44,071 INFO     tuned.daemon.controller: terminating controller
2020-03-17 19:15:44,296 INFO     tuned.daemon.daemon: stopping tuning
2020-03-17 19:15:45,586 INFO     tuned.daemon.daemon: terminating Tuned due to system shutdown / reboot
2020-03-17 19:18:03,696 INFO     tuned.daemon.application: dynamic tuning is globally disabled
2020-03-17 19:18:03,997 INFO     tuned.daemon.daemon: using sleep interval of 1 second(s)
2020-03-17 19:18:04,397 INFO     tuned.profiles.loader: loading profile: virtual-guest
2020-03-17 19:18:04,694 INFO     tuned.daemon.controller: starting controller
2020-03-17 19:18:04,694 INFO     tuned.daemon.daemon: starting tuning
2020-03-17 19:18:05,196 INFO     tuned.plugins.base: instance cpu: assigning devices cpu0, cpu1
2020-03-17 19:18:05,198 INFO     tuned.plugins.plugin_cpu: We are running on an x86 GenuineIntel platform
2020-03-17 19:18:05,494 WARNING  tuned.plugins.plugin_cpu: your CPU doesn't support MSR_IA32_ENERGY_PERF_BIAS, ignoring CPU energy performance bias
2020-03-17 19:18:05,495 WARNING  tuned.plugins.base: instance disk: no matching devices available
2020-03-17 19:18:05,593 INFO     tuned.plugins.plugin_sysctl: reapplying system sysctl
2020-03-17 19:18:05,595 INFO     tuned.daemon.daemon: static tuning from profile 'virtual-guest' applied
2020-03-17 19:31:40,995 INFO     tuned.daemon.controller: terminating controller
2020-03-17 19:31:41,004 INFO     tuned.daemon.daemon: stopping tuning
2020-03-17 19:31:41,902 INFO     tuned.daemon.daemon: terminating Tuned due to system shutdown / reboot
2020-03-17 19:32:51,425 INFO     tuned.daemon.application: dynamic tuning is globally disabled
2020-03-17 19:32:51,442 INFO     tuned.daemon.daemon: using sleep interval of 1 second(s)
2020-03-17 19:32:51,467 INFO     tuned.profiles.loader: loading profile: virtual-guest
2020-03-17 19:32:51,483 INFO     tuned.daemon.controller: starting controller
2020-03-17 19:32:51,483 INFO     tuned.daemon.daemon: starting tuning
2020-03-17 19:32:51,498 INFO     tuned.plugins.base: instance cpu: assigning devices cpu0, cpu1
2020-03-17 19:32:51,499 INFO     tuned.plugins.plugin_cpu: We are running on an x86 GenuineIntel platform
2020-03-17 19:32:51,505 WARNING  tuned.plugins.plugin_cpu: your CPU doesn't support MSR_IA32_ENERGY_PERF_BIAS, ignoring CPU energy performance bias
2020-03-17 19:32:51,506 WARNING  tuned.plugins.base: instance disk: no matching devices available
2020-03-17 19:32:51,508 INFO     tuned.plugins.plugin_sysctl: reapplying system sysctl
2020-03-17 19:32:51,509 INFO     tuned.daemon.daemon: static tuning from profile 'virtual-guest' applied
2020-03-17 19:40:09,133 INFO     tuned.daemon.controller: terminating controller
2020-03-17 19:40:09,134 INFO     tuned.daemon.daemon: stopping tuning
2020-03-17 19:40:10,046 INFO     tuned.daemon.daemon: terminating Tuned due to system shutdown / reboot
2020-04-15 17:38:30,189 INFO     tuned.daemon.application: dynamic tuning is globally disabled
2020-04-15 17:38:30,288 INFO     tuned.daemon.daemon: using sleep interval of 1 second(s)
2020-04-15 17:38:30,503 INFO     tuned.profiles.loader: loading profile: virtual-guest
2020-04-15 17:38:30,515 INFO     tuned.daemon.controller: starting controller
2020-04-15 17:38:30,515 INFO     tuned.daemon.daemon: starting tuning
2020-04-15 17:38:30,669 INFO     tuned.plugins.base: instance cpu: assigning devices cpu0, cpu1
2020-04-15 17:38:30,684 INFO     tuned.plugins.plugin_cpu: We are running on an x86 GenuineIntel platform
2020-04-15 17:38:30,692 WARNING  tuned.plugins.plugin_cpu: your CPU doesn't support MSR_IA32_ENERGY_PERF_BIAS, ignoring CPU energy performance bias
2020-04-15 17:38:30,694 WARNING  tuned.plugins.base: instance disk: no matching devices available
2020-04-15 17:38:30,715 INFO     tuned.plugins.plugin_sysctl: reapplying system sysctl
2020-04-15 17:38:30,716 INFO     tuned.daemon.daemon: static tuning from profile 'virtual-guest' applied
2020-04-15 18:18:53,432 INFO     tuned.daemon.controller: terminating controller
2020-04-15 18:18:53,519 INFO     tuned.daemon.daemon: stopping tuning
2020-04-15 18:18:54,162 INFO     tuned.daemon.daemon: terminating Tuned due to system shutdown / reboot
2020-04-15 18:27:50,227 INFO     tuned.daemon.application: dynamic tuning is globally disabled
2020-04-15 18:27:50,261 INFO     tuned.daemon.daemon: using sleep interval of 1 second(s)
2020-04-15 18:27:50,267 INFO     tuned.profiles.loader: loading profile: virtual-guest
2020-04-15 18:27:50,296 INFO     tuned.daemon.controller: starting controller
2020-04-15 18:27:50,296 INFO     tuned.daemon.daemon: starting tuning
2020-04-15 18:27:50,357 INFO     tuned.plugins.base: instance cpu: assigning devices cpu0, cpu1
2020-04-15 18:27:50,362 INFO     tuned.plugins.plugin_cpu: We are running on an x86 GenuineIntel platform
2020-04-15 18:27:50,376 WARNING  tuned.plugins.plugin_cpu: your CPU doesn't support MSR_IA32_ENERGY_PERF_BIAS, ignoring CPU energy performance bias
2020-04-15 18:27:50,377 WARNING  tuned.plugins.base: instance disk: no matching devices available
2020-04-15 18:27:50,390 INFO     tuned.plugins.plugin_sysctl: reapplying system sysctl
2020-04-15 18:27:50,392 INFO     tuned.daemon.daemon: static tuning from profile 'virtual-guest' applied
2020-04-15 18:40:51,699 INFO     tuned.daemon.controller: terminating controller
2020-04-15 18:40:51,705 INFO     tuned.daemon.daemon: stopping tuning
2020-04-15 18:40:52,319 INFO     tuned.daemon.daemon: terminating Tuned due to system shutdown / reboot
2020-05-18 16:18:42,810 INFO     tuned.daemon.application: dynamic tuning is globally disabled
2020-05-18 16:18:42,821 INFO     tuned.daemon.daemon: using sleep interval of 1 second(s)
2020-05-18 16:18:42,930 INFO     tuned.profiles.loader: loading profile: virtual-guest
2020-05-18 16:18:42,944 INFO     tuned.daemon.controller: starting controller
2020-05-18 16:18:42,944 INFO     tuned.daemon.daemon: starting tuning
2020-05-18 16:18:42,975 INFO     tuned.plugins.base: instance cpu: assigning devices cpu0, cpu1
2020-05-18 16:18:42,977 INFO     tuned.plugins.plugin_cpu: We are running on an x86 AuthenticAMD platform
2020-05-18 16:18:42,988 WARNING  tuned.plugins.plugin_cpu: your CPU doesn't support MSR_IA32_ENERGY_PERF_BIAS, ignoring CPU energy performance bias
2020-05-18 16:18:42,989 WARNING  tuned.plugins.base: instance disk: no matching devices available
2020-05-18 16:18:43,004 INFO     tuned.plugins.plugin_sysctl: reapplying system sysctl
2020-05-18 16:18:43,006 INFO     tuned.daemon.daemon: static tuning from profile 'virtual-guest' applied
2020-05-18 16:28:03,203 INFO     tuned.daemon.controller: terminating controller
2020-05-18 16:28:03,208 INFO     tuned.daemon.daemon: stopping tuning
2020-05-18 16:28:03,757 INFO     tuned.daemon.daemon: terminating Tuned, rolling back all changes
2020-05-18 16:28:04,472 INFO     tuned.daemon.application: dynamic tuning is globally disabled
2020-05-18 16:28:04,480 INFO     tuned.daemon.daemon: using sleep interval of 1 second(s)
2020-05-18 16:28:04,481 INFO     tuned.profiles.loader: loading profile: virtual-guest
2020-05-18 16:28:04,516 INFO     tuned.daemon.controller: starting controller
2020-05-18 16:28:04,516 INFO     tuned.daemon.daemon: starting tuning
2020-05-18 16:28:04,547 INFO     tuned.plugins.base: instance cpu: assigning devices cpu0, cpu1
2020-05-18 16:28:04,549 INFO     tuned.plugins.plugin_cpu: We are running on an x86 AuthenticAMD platform
2020-05-18 16:28:04,563 WARNING  tuned.plugins.plugin_cpu: your CPU doesn't support MSR_IA32_ENERGY_PERF_BIAS, ignoring CPU energy performance bias
2020-05-18 16:28:04,564 WARNING  tuned.plugins.base: instance disk: no matching devices available
2020-05-18 16:28:04,646 INFO     tuned.plugins.plugin_sysctl: reapplying system sysctl
2020-05-18 16:28:04,660 INFO     tuned.daemon.daemon: static tuning from profile 'virtual-guest' applied
2020-05-18 16:36:49,873 INFO     tuned.daemon.controller: terminating controller
2020-05-18 16:36:49,875 INFO     tuned.daemon.daemon: stopping tuning
2020-05-18 16:36:50,301 INFO     tuned.daemon.daemon: terminating Tuned, rolling back all changes
2020-05-18 16:36:50,757 INFO     tuned.daemon.application: dynamic tuning is globally disabled
2020-05-18 16:36:50,765 INFO     tuned.daemon.daemon: using sleep interval of 1 second(s)
2020-05-18 16:36:50,767 INFO     tuned.profiles.loader: loading profile: virtual-guest
2020-05-18 16:36:50,778 INFO     tuned.daemon.controller: starting controller
2020-05-18 16:36:50,779 INFO     tuned.daemon.daemon: starting tuning
2020-05-18 16:36:50,787 INFO     tuned.plugins.base: instance cpu: assigning devices cpu0, cpu1
2020-05-18 16:36:50,788 INFO     tuned.plugins.plugin_cpu: We are running on an x86 AuthenticAMD platform
2020-05-18 16:36:50,791 WARNING  tuned.plugins.plugin_cpu: your CPU doesn't support MSR_IA32_ENERGY_PERF_BIAS, ignoring CPU energy performance bias
2020-05-18 16:36:50,792 WARNING  tuned.plugins.base: instance disk: no matching devices available
2020-05-18 16:36:50,795 INFO     tuned.plugins.plugin_sysctl: reapplying system sysctl
2020-05-18 16:36:50,797 INFO     tuned.daemon.daemon: static tuning from profile 'virtual-guest' applied
2020-05-18 16:37:24,978 INFO     tuned.daemon.controller: terminating controller
2020-05-18 16:37:24,979 INFO     tuned.daemon.daemon: stopping tuning
2020-05-18 16:37:25,888 INFO     tuned.daemon.daemon: terminating Tuned, rolling back all changes
2020-05-18 16:37:26,159 INFO     tuned.daemon.application: dynamic tuning is globally disabled
2020-05-18 16:37:26,167 INFO     tuned.daemon.daemon: using sleep interval of 1 second(s)
2020-05-18 16:37:26,168 INFO     tuned.profiles.loader: loading profile: virtual-guest
2020-05-18 16:37:26,178 INFO     tuned.daemon.controller: starting controller
2020-05-18 16:37:26,178 INFO     tuned.daemon.daemon: starting tuning
2020-05-18 16:37:26,186 INFO     tuned.plugins.base: instance cpu: assigning devices cpu0, cpu1
2020-05-18 16:37:26,188 INFO     tuned.plugins.plugin_cpu: We are running on an x86 AuthenticAMD platform
2020-05-18 16:37:26,192 WARNING  tuned.plugins.plugin_cpu: your CPU doesn't support MSR_IA32_ENERGY_PERF_BIAS, ignoring CPU energy performance bias
2020-05-18 16:37:26,194 WARNING  tuned.plugins.base: instance disk: no matching devices available
2020-05-18 16:37:26,240 INFO     tuned.plugins.plugin_sysctl: reapplying system sysctl
2020-05-18 16:37:26,242 INFO     tuned.daemon.daemon: static tuning from profile 'virtual-guest' applied
2020-05-18 16:53:41,774 INFO     tuned.daemon.controller: terminating controller
2020-05-18 16:53:41,775 INFO     tuned.daemon.daemon: stopping tuning
2020-05-18 16:53:42,424 INFO     tuned.daemon.daemon: terminating Tuned due to system shutdown / reboot
2020-05-18 16:55:17,295 INFO     tuned.daemon.application: dynamic tuning is globally disabled
2020-05-18 16:55:17,322 INFO     tuned.daemon.daemon: using sleep interval of 1 second(s)
2020-05-18 16:55:17,344 INFO     tuned.profiles.loader: loading profile: virtual-guest
2020-05-18 16:55:17,354 INFO     tuned.daemon.controller: starting controller
2020-05-18 16:55:17,354 INFO     tuned.daemon.daemon: starting tuning
2020-05-18 16:55:17,376 INFO     tuned.plugins.base: instance cpu: assigning devices cpu0, cpu1
2020-05-18 16:55:17,386 INFO     tuned.plugins.plugin_cpu: We are running on an x86 AuthenticAMD platform
2020-05-18 16:55:17,407 WARNING  tuned.plugins.plugin_cpu: your CPU doesn't support MSR_IA32_ENERGY_PERF_BIAS, ignoring CPU energy performance bias
2020-05-18 16:55:17,409 WARNING  tuned.plugins.base: instance disk: no matching devices available
2020-05-18 16:55:17,421 INFO     tuned.plugins.plugin_sysctl: reapplying system sysctl
2020-05-18 16:55:17,423 INFO     tuned.daemon.daemon: static tuning from profile 'virtual-guest' applied
2020-05-18 16:55:29,572 INFO     tuned.daemon.controller: terminating controller
2020-05-18 16:55:29,573 INFO     tuned.daemon.daemon: stopping tuning
2020-05-18 16:55:30,482 INFO     tuned.daemon.daemon: terminating Tuned due to system shutdown / reboot
2020-06-18 15:10:18,391 INFO     tuned.daemon.application: dynamic tuning is globally disabled
2020-06-18 15:10:18,450 INFO     tuned.daemon.daemon: using sleep interval of 1 second(s)
2020-06-18 15:10:18,631 INFO     tuned.profiles.loader: loading profile: virtual-guest
2020-06-18 15:10:18,740 INFO     tuned.daemon.controller: starting controller
2020-06-18 15:10:18,740 INFO     tuned.daemon.daemon: starting tuning
2020-06-18 15:10:18,815 INFO     tuned.plugins.base: instance cpu: assigning devices cpu0, cpu1
2020-06-18 15:10:18,824 INFO     tuned.plugins.plugin_cpu: We are running on an x86 AuthenticAMD platform
2020-06-18 15:10:18,840 WARNING  tuned.plugins.plugin_cpu: your CPU doesn't support MSR_IA32_ENERGY_PERF_BIAS, ignoring CPU energy performance bias
2020-06-18 15:10:18,842 WARNING  tuned.plugins.base: instance disk: no matching devices available
2020-06-18 15:10:18,854 INFO     tuned.plugins.plugin_sysctl: reapplying system sysctl
2020-06-18 15:10:18,857 INFO     tuned.daemon.daemon: static tuning from profile 'virtual-guest' applied
2020-06-18 16:08:59,726 INFO     tuned.daemon.controller: terminating controller
2020-06-18 16:08:59,739 INFO     tuned.daemon.daemon: stopping tuning
2020-06-18 16:09:00,654 INFO     tuned.daemon.daemon: terminating Tuned due to system shutdown / reboot
2020-06-18 16:17:37,444 INFO     tuned.daemon.application: dynamic tuning is globally disabled
2020-06-18 16:17:37,450 INFO     tuned.daemon.daemon: using sleep interval of 1 second(s)
2020-06-18 16:17:37,465 INFO     tuned.profiles.loader: loading profile: virtual-guest
2020-06-18 16:17:37,493 INFO     tuned.daemon.controller: starting controller
2020-06-18 16:17:37,493 INFO     tuned.daemon.daemon: starting tuning
2020-06-18 16:17:37,504 INFO     tuned.plugins.base: instance cpu: assigning devices cpu0, cpu1
2020-06-18 16:17:37,505 INFO     tuned.plugins.plugin_cpu: We are running on an x86 AuthenticAMD platform
2020-06-18 16:17:37,511 WARNING  tuned.plugins.plugin_cpu: your CPU doesn't support MSR_IA32_ENERGY_PERF_BIAS, ignoring CPU energy performance bias
2020-06-18 16:17:37,512 WARNING  tuned.plugins.base: instance disk: no matching devices available
2020-06-18 16:17:37,515 INFO     tuned.plugins.plugin_sysctl: reapplying system sysctl
2020-06-18 16:17:37,517 INFO     tuned.daemon.daemon: static tuning from profile 'virtual-guest' applied
2020-06-18 16:31:28,722 INFO     tuned.daemon.controller: terminating controller
2020-06-18 16:31:28,728 INFO     tuned.daemon.daemon: stopping tuning
2020-06-18 16:31:29,564 INFO     tuned.daemon.daemon: terminating Tuned due to system shutdown / reboot
2020-07-06 14:36:13,501 INFO     tuned.daemon.application: dynamic tuning is globally disabled
2020-07-06 14:36:13,897 INFO     tuned.daemon.daemon: using sleep interval of 1 second(s)
2020-07-06 14:36:14,098 INFO     tuned.profiles.loader: loading profile: virtual-guest
2020-07-06 14:36:14,198 INFO     tuned.daemon.controller: starting controller
2020-07-06 14:36:14,198 INFO     tuned.daemon.daemon: starting tuning
2020-07-06 14:36:14,401 INFO     tuned.plugins.base: instance cpu: assigning devices cpu0, cpu1
2020-07-06 14:36:14,403 INFO     tuned.plugins.plugin_cpu: We are running on an x86 AuthenticAMD platform
2020-07-06 14:36:14,419 WARNING  tuned.plugins.plugin_cpu: your CPU doesn't support MSR_IA32_ENERGY_PERF_BIAS, ignoring CPU energy performance bias
2020-07-06 14:36:14,421 WARNING  tuned.plugins.base: instance disk: no matching devices available
2020-07-06 14:36:14,600 INFO     tuned.plugins.plugin_sysctl: reapplying system sysctl
2020-07-06 14:36:14,602 INFO     tuned.daemon.daemon: static tuning from profile 'virtual-guest' applied
2020-07-06 22:01:10,385 INFO     tuned.daemon.controller: terminating controller
2020-07-06 22:01:10,403 INFO     tuned.daemon.daemon: stopping tuning
2020-07-06 22:01:10,848 INFO     tuned.daemon.daemon: terminating Tuned due to system shutdown / reboot
2020-07-08 07:53:06,075 INFO     tuned.daemon.application: dynamic tuning is globally disabled
2020-07-08 07:53:06,084 INFO     tuned.daemon.daemon: using sleep interval of 1 second(s)
2020-07-08 07:53:06,091 INFO     tuned.profiles.loader: loading profile: virtual-guest
2020-07-08 07:53:06,102 INFO     tuned.daemon.controller: starting controller
2020-07-08 07:53:06,102 INFO     tuned.daemon.daemon: starting tuning
2020-07-08 07:53:06,130 INFO     tuned.plugins.base: instance cpu: assigning devices cpu0, cpu1
2020-07-08 07:53:06,132 INFO     tuned.plugins.plugin_cpu: We are running on an x86 AuthenticAMD platform
2020-07-08 07:53:06,141 WARNING  tuned.plugins.plugin_cpu: your CPU doesn't support MSR_IA32_ENERGY_PERF_BIAS, ignoring CPU energy performance bias
2020-07-08 07:53:06,142 WARNING  tuned.plugins.base: instance disk: no matching devices available
2020-07-08 07:53:06,151 INFO     tuned.plugins.plugin_sysctl: reapplying system sysctl
2020-07-08 07:53:06,153 INFO     tuned.daemon.daemon: static tuning from profile 'virtual-guest' applied
2020-07-08 12:51:04,962 INFO     tuned.daemon.controller: terminating controller
2020-07-08 12:51:04,977 INFO     tuned.daemon.daemon: stopping tuning
2020-07-08 12:51:05,720 INFO     tuned.daemon.daemon: terminating Tuned due to system shutdown / reboot
2020-07-10 10:38:18,022 INFO     tuned.daemon.application: dynamic tuning is globally disabled
2020-07-10 10:38:18,045 INFO     tuned.daemon.daemon: using sleep interval of 1 second(s)
2020-07-10 10:38:18,066 INFO     tuned.profiles.loader: loading profile: virtual-guest
2020-07-10 10:38:18,074 INFO     tuned.daemon.controller: starting controller
2020-07-10 10:38:18,074 INFO     tuned.daemon.daemon: starting tuning
2020-07-10 10:38:18,086 INFO     tuned.plugins.base: instance cpu: assigning devices cpu0, cpu1
2020-07-10 10:38:18,087 INFO     tuned.plugins.plugin_cpu: We are running on an x86 AuthenticAMD platform
2020-07-10 10:38:18,109 WARNING  tuned.plugins.plugin_cpu: your CPU doesn't support MSR_IA32_ENERGY_PERF_BIAS, ignoring CPU energy performance bias
2020-07-10 10:38:18,110 WARNING  tuned.plugins.base: instance disk: no matching devices available
2020-07-10 10:38:18,115 INFO     tuned.plugins.plugin_sysctl: reapplying system sysctl
2020-07-10 10:38:18,117 INFO     tuned.daemon.daemon: static tuning from profile 'virtual-guest' applied
2020-07-10 21:30:35,248 INFO     tuned.daemon.controller: terminating controller
2020-07-10 21:30:35,561 INFO     tuned.daemon.daemon: stopping tuning
2020-07-10 21:30:36,852 INFO     tuned.daemon.daemon: terminating Tuned due to system shutdown / reboot
2020-07-10 21:32:39,006 INFO     tuned.daemon.application: dynamic tuning is globally disabled
2020-07-10 21:32:39,047 INFO     tuned.daemon.daemon: using sleep interval of 1 second(s)
2020-07-10 21:32:39,054 INFO     tuned.profiles.loader: loading profile: virtual-guest
2020-07-10 21:32:39,065 INFO     tuned.daemon.controller: starting controller
2020-07-10 21:32:39,065 INFO     tuned.daemon.daemon: starting tuning
2020-07-10 21:32:39,140 INFO     tuned.plugins.base: instance cpu: assigning devices cpu0, cpu1
2020-07-10 21:32:39,147 INFO     tuned.plugins.plugin_cpu: We are running on an x86 AuthenticAMD platform
2020-07-10 21:32:39,165 WARNING  tuned.plugins.plugin_cpu: your CPU doesn't support MSR_IA32_ENERGY_PERF_BIAS, ignoring CPU energy performance bias
2020-07-10 21:32:39,167 WARNING  tuned.plugins.base: instance disk: no matching devices available
2020-07-10 21:32:39,179 INFO     tuned.plugins.plugin_sysctl: reapplying system sysctl
2020-07-10 21:32:39,181 INFO     tuned.daemon.daemon: static tuning from profile 'virtual-guest' applied
2020-07-10 22:41:16,247 INFO     tuned.daemon.controller: terminating controller
2020-07-10 22:41:16,258 INFO     tuned.daemon.daemon: stopping tuning
2020-07-10 22:41:16,902 INFO     tuned.daemon.daemon: terminating Tuned due to system shutdown / reboot
2020-07-12 06:21:49,888 INFO     tuned.daemon.application: dynamic tuning is globally disabled
2020-07-12 06:21:49,896 INFO     tuned.daemon.daemon: using sleep interval of 1 second(s)
2020-07-12 06:21:49,902 INFO     tuned.profiles.loader: loading profile: virtual-guest
2020-07-12 06:21:49,912 INFO     tuned.daemon.controller: starting controller
2020-07-12 06:21:49,912 INFO     tuned.daemon.daemon: starting tuning
2020-07-12 06:21:50,084 INFO     tuned.plugins.base: instance cpu: assigning devices cpu0, cpu1
2020-07-12 06:21:50,087 INFO     tuned.plugins.plugin_cpu: We are running on an x86 AuthenticAMD platform
2020-07-12 06:21:50,101 WARNING  tuned.plugins.plugin_cpu: your CPU doesn't support MSR_IA32_ENERGY_PERF_BIAS, ignoring CPU energy performance bias
2020-07-12 06:21:50,103 WARNING  tuned.plugins.base: instance disk: no matching devices available
2020-07-12 06:21:50,113 INFO     tuned.plugins.plugin_sysctl: reapplying system sysctl
2020-07-12 06:21:50,149 INFO     tuned.daemon.daemon: static tuning from profile 'virtual-guest' applied
2020-07-12 12:06:15,382 INFO     tuned.daemon.controller: terminating controller
2020-07-12 12:06:15,383 INFO     tuned.daemon.daemon: stopping tuning
2020-07-12 12:06:15,619 INFO     tuned.daemon.daemon: terminating Tuned due to system shutdown / reboot
2020-07-15 09:17:09,456 INFO     tuned.daemon.application: dynamic tuning is globally disabled
2020-07-15 09:17:09,501 INFO     tuned.daemon.daemon: using sleep interval of 1 second(s)
2020-07-15 09:17:09,525 INFO     tuned.profiles.loader: loading profile: virtual-guest
2020-07-15 09:17:09,538 INFO     tuned.daemon.controller: starting controller
2020-07-15 09:17:09,538 INFO     tuned.daemon.daemon: starting tuning
2020-07-15 09:17:09,587 INFO     tuned.plugins.base: instance cpu: assigning devices cpu0, cpu1
2020-07-15 09:17:09,589 INFO     tuned.plugins.plugin_cpu: We are running on an x86 AuthenticAMD platform
2020-07-15 09:17:09,594 WARNING  tuned.plugins.plugin_cpu: your CPU doesn't support MSR_IA32_ENERGY_PERF_BIAS, ignoring CPU energy performance bias
2020-07-15 09:17:09,595 WARNING  tuned.plugins.base: instance disk: no matching devices available
2020-07-15 09:17:09,602 INFO     tuned.plugins.plugin_sysctl: reapplying system sysctl
2020-07-15 09:17:09,604 INFO     tuned.daemon.daemon: static tuning from profile 'virtual-guest' applied
2020-07-15 13:21:10,292 INFO     tuned.daemon.controller: terminating controller
2020-07-15 13:21:10,293 INFO     tuned.daemon.daemon: stopping tuning
2020-07-15 13:21:10,986 INFO     tuned.daemon.daemon: terminating Tuned due to system shutdown / reboot
2020-07-15 13:46:35,507 INFO     tuned.daemon.application: dynamic tuning is globally disabled
2020-07-15 13:46:35,531 INFO     tuned.daemon.daemon: using sleep interval of 1 second(s)
2020-07-15 13:46:35,565 INFO     tuned.profiles.loader: loading profile: virtual-guest
2020-07-15 13:46:35,582 INFO     tuned.daemon.controller: starting controller
2020-07-15 13:46:35,582 INFO     tuned.daemon.daemon: starting tuning
2020-07-15 13:46:35,639 INFO     tuned.plugins.base: instance cpu: assigning devices cpu0, cpu1
2020-07-15 13:46:35,642 INFO     tuned.plugins.plugin_cpu: We are running on an x86 AuthenticAMD platform
2020-07-15 13:46:35,663 WARNING  tuned.plugins.plugin_cpu: your CPU doesn't support MSR_IA32_ENERGY_PERF_BIAS, ignoring CPU energy performance bias
2020-07-15 13:46:35,664 WARNING  tuned.plugins.base: instance disk: no matching devices available
2020-07-15 13:46:35,692 INFO     tuned.plugins.plugin_sysctl: reapplying system sysctl
2020-07-15 13:46:35,694 INFO     tuned.daemon.daemon: static tuning from profile 'virtual-guest' applied
2020-07-15 17:46:12,921 INFO     tuned.daemon.controller: terminating controller
2020-07-15 17:46:12,922 INFO     tuned.daemon.daemon: stopping tuning
2020-07-15 17:46:13,167 INFO     tuned.daemon.daemon: terminating Tuned due to system shutdown / reboot
2020-07-16 05:50:23,657 INFO     tuned.daemon.application: dynamic tuning is globally disabled
2020-07-16 05:50:23,765 INFO     tuned.daemon.daemon: using sleep interval of 1 second(s)
2020-07-16 05:50:23,775 INFO     tuned.profiles.loader: loading profile: virtual-guest
2020-07-16 05:50:23,792 INFO     tuned.daemon.controller: starting controller
2020-07-16 05:50:23,792 INFO     tuned.daemon.daemon: starting tuning
2020-07-16 05:50:23,814 INFO     tuned.plugins.base: instance cpu: assigning devices cpu0, cpu1
2020-07-16 05:50:23,823 INFO     tuned.plugins.plugin_cpu: We are running on an x86 AuthenticAMD platform
2020-07-16 05:50:23,839 WARNING  tuned.plugins.plugin_cpu: your CPU doesn't support MSR_IA32_ENERGY_PERF_BIAS, ignoring CPU energy performance bias
2020-07-16 05:50:23,841 WARNING  tuned.plugins.base: instance disk: no matching devices available
2020-07-16 05:50:23,848 INFO     tuned.plugins.plugin_sysctl: reapplying system sysctl
2020-07-16 05:50:23,850 INFO     tuned.daemon.daemon: static tuning from profile 'virtual-guest' applied
