May 18 16:27:11 Updated: 1:grub2-common-2.02-0.81.el7.centos.noarch
May 18 16:27:11 Updated: centos-release-7-8.2003.0.el7.centos.x86_64
May 18 16:27:11 Updated: 1:control-center-filesystem-3.28.1-6.el7.x86_64
May 18 16:27:11 Updated: 32:bind-license-9.11.4-16.P2.el7_8.3.noarch
May 18 16:27:12 Updated: setup-2.8.71-11.el7.noarch
May 18 16:27:12 Updated: 1:grub2-pc-modules-2.02-0.81.el7.centos.noarch
May 18 16:27:12 Updated: xorg-x11-server-common-1.20.4-10.el7.x86_64
May 18 16:27:14 Updated: tzdata-2020a-1.el7.noarch
May 18 16:27:14 Updated: bash-4.2.46-34.el7.x86_64
May 18 16:27:24 Updated: glibc-common-2.17-307.el7.1.x86_64
May 18 16:27:33 Updated: glibc-2.17-307.el7.1.x86_64
May 18 16:27:33 Updated: libselinux-2.5-15.el7.x86_64
May 18 16:27:34 Updated: libcom_err-1.42.9-17.el7.x86_64
May 18 16:27:34 Updated: libcap-2.22-11.el7.x86_64
May 18 16:27:34 Updated: libxml2-2.9.1-6.el7.4.x86_64
May 18 16:27:35 Updated: pam-1.1.8-23.el7.x86_64
May 18 16:27:36 Updated: libacl-2.2.51-15.el7.x86_64
May 18 16:27:36 Updated: atk-2.28.1-2.el7.x86_64
May 18 16:27:36 Updated: libuuid-2.23.2-63.el7.x86_64
May 18 16:27:36 Updated: libblkid-2.23.2-63.el7.x86_64
May 18 16:27:36 Updated: kmod-libs-20-28.el7.x86_64
May 18 16:27:37 Updated: libtdb-1.3.18-1.el7.x86_64
May 18 16:27:37 Updated: libtalloc-2.1.16-1.el7.x86_64
May 18 16:27:37 Updated: expat-2.1.0-11.el7.x86_64
May 18 16:27:37 Updated: sed-4.2.2-6.el7.x86_64
May 18 16:27:37 Updated: krb5-libs-1.15.1-46.el7.x86_64
May 18 16:27:37 Updated: elfutils-libelf-0.176-4.el7.x86_64
May 18 16:27:37 Updated: libtevent-0.9.39-1.el7.x86_64
May 18 16:27:37 Updated: libldb-1.5.4-1.el7.x86_64
May 18 16:27:37 Updated: avahi-libs-0.6.31-20.el7.x86_64
May 18 16:27:37 Updated: 1:cups-libs-1.6.3-43.el7.x86_64
May 18 16:27:37 Updated: libmount-2.23.2-63.el7.x86_64
May 18 16:27:38 Updated: gsettings-desktop-schemas-3.28.0-3.el7.x86_64
May 18 16:27:38 Updated: mesa-libglapi-18.3.4-7.el7_8.1.x86_64
May 18 16:27:38 Updated: ibus-libs-1.5.17-10.el7.x86_64
May 18 16:27:38 Updated: mesa-libgbm-18.3.4-7.el7_8.1.x86_64
May 18 16:27:38 Updated: libcurl-7.29.0-57.el7.x86_64
May 18 16:27:38 Updated: file-libs-5.11-36.el7.x86_64
May 18 16:27:38 Updated: file-5.11-36.el7.x86_64
May 18 16:27:38 Updated: 32:bind-libs-lite-9.11.4-16.P2.el7_8.3.x86_64
May 18 16:27:38 Updated: libffi-3.0.13-19.el7.x86_64
May 18 16:27:41 Updated: python-libs-2.7.5-88.el7.x86_64
May 18 16:27:41 Updated: python-2.7.5-88.el7.x86_64
May 18 16:27:41 Updated: libselinux-python-2.5-15.el7.x86_64
May 18 16:27:41 Updated: pytalloc-2.1.16-1.el7.x86_64
May 18 16:27:41 Updated: libxml2-python-2.9.1-6.el7.4.x86_64
May 18 16:27:42 Updated: python-urlgrabber-3.10-10.el7.noarch
May 18 16:27:42 Installed: python-tdb-1.3.18-1.el7.x86_64
May 18 16:27:42 Installed: pyldb-1.5.4-1.el7.x86_64
May 18 16:27:44 Updated: python-perf-3.10.0-1127.8.2.el7.x86_64
May 18 16:27:44 Updated: python-requests-2.6.0-9.el7_8.noarch
May 18 16:27:44 Updated: 32:bind-libs-9.11.4-16.P2.el7_8.3.x86_64
May 18 16:27:45 Updated: curl-7.29.0-57.el7.x86_64
May 18 16:27:45 Updated: rpm-4.11.3-43.el7.x86_64
May 18 16:27:45 Updated: rpm-libs-4.11.3-43.el7.x86_64
May 18 16:27:45 Updated: rpm-build-libs-4.11.3-43.el7.x86_64
May 18 16:27:45 Updated: rpm-python-4.11.3-43.el7.x86_64
May 18 16:27:45 Updated: yum-plugin-fastestmirror-1.1.31-54.el7_8.noarch
May 18 16:27:46 Updated: yum-3.4.3-167.el7.centos.noarch
May 18 16:27:46 Updated: 32:bind-export-libs-9.11.4-16.P2.el7_8.3.x86_64
May 18 16:27:46 Updated: libkadm5-1.15.1-46.el7.x86_64
May 18 16:27:46 Updated: device-mapper-persistent-data-0.8.5-2.el7.x86_64
May 18 16:27:46 Updated: logrotate-3.8.6-19.el7.x86_64
May 18 16:27:46 Updated: acl-2.2.51-15.el7.x86_64
May 18 16:27:46 Updated: gettext-libs-0.19.8.1-3.el7.x86_64
May 18 16:27:47 Updated: gettext-0.19.8.1-3.el7.x86_64
May 18 16:27:47 Updated: libcom_err-devel-1.42.9-17.el7.x86_64
May 18 16:27:47 Updated: libss-1.42.9-17.el7.x86_64
May 18 16:27:47 Updated: e2fsprogs-libs-1.42.9-17.el7.x86_64
May 18 16:27:47 Updated: e2fsprogs-1.42.9-17.el7.x86_64
May 18 16:27:47 Updated: libselinux-utils-2.5-15.el7.x86_64
May 18 16:27:49 Updated: libselinux-devel-2.5-15.el7.x86_64
May 18 16:27:49 Updated: libteam-1.29-1.el7.x86_64
May 18 16:27:50 Updated: poppler-0.26.5-42.el7.x86_64
May 18 16:27:50 Updated: poppler-glib-0.26.5-42.el7.x86_64
May 18 16:27:53 Updated: binutils-2.27-43.base.el7_8.1.x86_64
May 18 16:27:54 Updated: libseccomp-2.3.1-4.el7.x86_64
May 18 16:27:54 Updated: libsmartcols-2.23.2-63.el7.x86_64
May 18 16:27:55 Updated: procps-ng-3.3.10-27.el7.x86_64
May 18 16:27:56 Updated: util-linux-2.23.2-63.el7.x86_64
May 18 16:27:56 Updated: kpartx-0.4.9-131.el7.x86_64
May 18 16:27:56 Updated: 7:device-mapper-1.02.164-7.el7_8.2.x86_64
May 18 16:27:56 Updated: dracut-033-568.el7.x86_64
May 18 16:27:57 Updated: kmod-20-28.el7.x86_64
May 18 16:27:57 Updated: 7:device-mapper-libs-1.02.164-7.el7_8.2.x86_64
May 18 16:27:57 Updated: cryptsetup-libs-2.0.3-6.el7.x86_64
May 18 16:27:57 Updated: systemd-libs-219-73.el7_8.6.x86_64
May 18 16:27:57 Updated: elfutils-libs-0.176-4.el7.x86_64
May 18 16:28:02 Updated: systemd-219-73.el7_8.6.x86_64
May 18 16:28:02 Updated: elfutils-default-yama-scope-0.176-4.el7.noarch
May 18 16:28:03 Updated: polkit-0.112-26.el7.x86_64
May 18 16:28:04 Updated: initscripts-9.49.49-1.el7.x86_64
May 18 16:28:04 Updated: libcanberra-0.30-9.el7.x86_64
May 18 16:28:04 Updated: systemd-sysv-219-73.el7_8.6.x86_64
May 18 16:28:04 Updated: libgudev1-219-73.el7_8.6.x86_64
May 18 16:28:04 Updated: colord-libs-1.3.4-2.el7.x86_64
May 18 16:28:04 Updated: plymouth-core-libs-0.8.9-0.33.20140113.el7.centos.x86_64
May 18 16:28:08 Updated: 1:NetworkManager-libnm-1.18.4-3.el7.x86_64
May 18 16:28:08 Updated: plymouth-scripts-0.8.9-0.33.20140113.el7.centos.x86_64
May 18 16:28:08 Updated: plymouth-0.8.9-0.33.20140113.el7.centos.x86_64
May 18 16:28:08 Updated: accountsservice-0.6.50-7.el7.x86_64
May 18 16:28:08 Updated: accountsservice-libs-0.6.50-7.el7.x86_64
May 18 16:28:08 Updated: samba-common-4.10.4-11.el7_8.noarch
May 18 16:28:08 Updated: libwbclient-4.10.4-11.el7_8.x86_64
May 18 16:28:10 Updated: samba-client-libs-4.10.4-11.el7_8.x86_64
May 18 16:28:10 Updated: samba-common-libs-4.10.4-11.el7_8.x86_64
May 18 16:28:10 Updated: samba-libs-4.10.4-11.el7_8.x86_64
May 18 16:28:10 Updated: parted-3.1-32.el7.x86_64
May 18 16:28:10 Updated: libblockdev-utils-2.18-5.el7.x86_64
May 18 16:28:11 Updated: 1:grub2-tools-minimal-2.02-0.81.el7.centos.x86_64
May 18 16:28:11 Updated: 7:device-mapper-event-libs-1.02.164-7.el7_8.2.x86_64
May 18 16:28:11 Updated: policycoreutils-2.5-34.el7.x86_64
May 18 16:28:11 Updated: 1:grub2-tools-2.02-0.81.el7.centos.x86_64
May 18 16:28:12 Updated: plymouth-graphics-libs-0.8.9-0.33.20140113.el7.centos.x86_64
May 18 16:28:12 Updated: colord-1.3.4-2.el7.x86_64
May 18 16:28:13 Updated: hwdata-0.252-9.5.el7.x86_64
May 18 16:28:13 Updated: 12:dhcp-libs-4.2.5-79.el7.centos.x86_64
May 18 16:28:13 Updated: 12:dhcp-common-4.2.5-79.el7.centos.x86_64
May 18 16:28:13 Updated: 12:dhclient-4.2.5-79.el7.centos.x86_64
May 18 16:28:13 Updated: dracut-network-033-568.el7.x86_64
May 18 16:28:15 Updated: osinfo-db-20190805-2.el7.noarch
May 18 16:28:16 Updated: libosinfo-1.1.0-5.el7.x86_64
May 18 16:28:16 Updated: plymouth-plugin-label-0.8.9-0.33.20140113.el7.centos.x86_64
May 18 16:28:16 Updated: plymouth-plugin-two-step-0.8.9-0.33.20140113.el7.centos.x86_64
May 18 16:28:16 Updated: plymouth-theme-charge-0.8.9-0.33.20140113.el7.centos.x86_64
May 18 16:28:16 Updated: 1:grub2-tools-extra-2.02-0.81.el7.centos.x86_64
May 18 16:28:16 Updated: 1:grub2-pc-2.02-0.81.el7.centos.x86_64
May 18 16:28:38 Updated: selinux-policy-3.13.1-266.el7.noarch
May 18 16:28:38 Updated: policycoreutils-python-2.5-34.el7.x86_64
May 18 16:28:38 Updated: 7:device-mapper-event-1.02.164-7.el7_8.2.x86_64
May 18 16:28:39 Updated: 7:lvm2-libs-2.02.186-7.el7_8.2.x86_64
May 18 16:28:39 Updated: libblockdev-swap-2.18-5.el7.x86_64
May 18 16:28:39 Updated: libblockdev-loop-2.18-5.el7.x86_64
May 18 16:28:39 Updated: libblockdev-2.18-5.el7.x86_64
May 18 16:28:39 Updated: libblockdev-crypto-2.18-5.el7.x86_64
May 18 16:28:39 Updated: libsmbclient-4.10.4-11.el7_8.x86_64
May 18 16:28:40 Updated: 1:NetworkManager-1.18.4-3.el7.x86_64
May 18 16:28:40 Updated: 1:NetworkManager-wifi-1.18.4-3.el7.x86_64
May 18 16:33:11 Updated: rpcbind-0.2.0-49.el7.x86_64
May 18 16:33:11 Updated: iscsi-initiator-utils-iscsiuio-6.2.0.874-17.el7.x86_64
May 18 16:33:11 Updated: iscsi-initiator-utils-6.2.0.874-17.el7.x86_64
May 18 16:33:11 Updated: gssproxy-0.7.0-28.el7.x86_64
May 18 16:33:11 Updated: device-mapper-multipath-libs-0.4.9-131.el7.x86_64
May 18 16:33:11 Updated: device-mapper-multipath-0.4.9-131.el7.x86_64
May 18 16:33:12 Updated: libblockdev-part-2.18-5.el7.x86_64
May 18 16:33:12 Updated: libblockdev-fs-2.18-5.el7.x86_64
May 18 16:33:12 Updated: 1:NetworkManager-glib-1.18.4-3.el7.x86_64
May 18 16:33:12 Updated: taglib-1.8-8.20130218git.el7.x86_64
May 18 16:33:13 Updated: tracker-1.10.5-8.el7.x86_64
May 18 16:33:13 Updated: libudisks2-2.8.4-1.el7.x86_64
May 18 16:33:13 Updated: 4:perl-libs-5.16.3-295.el7.x86_64
May 18 16:33:13 Updated: 4:perl-macros-5.16.3-295.el7.x86_64
May 18 16:33:13 Updated: perl-Socket-2.010-5.el7.x86_64
May 18 16:33:17 Updated: 4:perl-5.16.3-295.el7.x86_64
May 18 16:33:19 Updated: kernel-tools-libs-3.10.0-1127.8.2.el7.x86_64
May 18 16:33:19 Updated: gtk-update-icon-cache-3.22.30-5.el7.x86_64
May 18 16:33:20 Updated: gtk3-3.22.30-5.el7.x86_64
May 18 16:33:20 Updated: libcanberra-gtk3-0.30-9.el7.x86_64
May 18 16:33:20 Updated: ibus-gtk2-1.5.17-10.el7.x86_64
May 18 16:33:20 Updated: ibus-setup-1.5.17-10.el7.noarch
May 18 16:33:22 Updated: ibus-1.5.17-10.el7.x86_64
May 18 16:33:22 Updated: ibus-gtk3-1.5.17-10.el7.x86_64
May 18 16:33:24 Updated: libgweather-3.28.2-3.el7.x86_64
May 18 16:33:25 Updated: gnome-settings-daemon-3.28.1-8.el7.x86_64
May 18 16:33:26 Updated: gnome-online-accounts-3.28.2-1.el7.x86_64
May 18 16:33:28 Updated: evolution-data-server-langpacks-3.28.5-4.el7.noarch
May 18 16:33:29 Updated: evolution-data-server-3.28.5-4.el7.x86_64
May 18 16:33:32 Updated: 1:control-center-3.28.1-6.el7.x86_64
May 18 16:33:36 Updated: mutter-3.28.3-22.el7_8.x86_64
May 18 16:33:37 Updated: 1:gdm-3.28.2-22.el7.x86_64
May 18 16:33:38 Updated: gnome-shell-3.28.3-24.el7.x86_64
May 18 16:33:38 Updated: gnome-shell-extension-common-3.28.1-11.el7.noarch
May 18 16:33:38 Updated: gnome-shell-extension-launch-new-instance-3.28.1-11.el7.noarch
May 18 16:33:38 Updated: gnome-shell-extension-apps-menu-3.28.1-11.el7.noarch
May 18 16:33:38 Updated: gnome-shell-extension-places-menu-3.28.1-11.el7.noarch
May 18 16:33:38 Updated: gnome-shell-extension-window-list-3.28.1-11.el7.noarch
May 18 16:33:38 Updated: gnome-shell-extension-alternate-tab-3.28.1-11.el7.noarch
May 18 16:33:38 Installed: gnome-shell-extension-horizontal-workspaces-3.28.1-11.el7.noarch
May 18 16:33:38 Updated: gnome-shell-extension-top-icons-3.28.1-11.el7.noarch
May 18 16:33:38 Updated: nautilus-extensions-3.26.3.1-7.el7.x86_64
May 18 16:33:39 Updated: nautilus-3.26.3.1-7.el7.x86_64
May 18 16:33:39 Updated: 1:mariadb-libs-5.5.65-1.el7.x86_64
May 18 16:35:28 Updated: linux-firmware-20191203-76.gite8a0f4c.el7.noarch
May 18 16:35:28 Updated: tigervnc-license-1.8.0-19.el7.noarch
May 18 16:35:28 Updated: mesa-filesystem-18.3.4-7.el7_8.1.x86_64
May 18 16:35:30 Updated: mesa-dri-drivers-18.3.4-7.el7_8.1.x86_64
May 18 16:35:30 Updated: tigervnc-server-minimal-1.8.0-19.el7.x86_64
May 18 16:35:30 Updated: libreport-filesystem-2.1.11-53.el7.centos.x86_64
May 18 16:35:30 Updated: mdadm-4.1-4.el7.x86_64
May 18 16:35:30 Updated: libblockdev-mdraid-2.18-5.el7.x86_64
May 18 16:35:30 Updated: udisks2-2.8.4-1.el7.x86_64
May 18 16:35:30 Updated: tigervnc-server-1.8.0-19.el7.x86_64
May 18 16:35:54 Installed: kernel-3.10.0-1127.8.2.el7.x86_64
May 18 16:35:56 Updated: 2:postfix-2.10.1-9.el7.x86_64
May 18 16:35:56 Updated: gnome-classic-session-3.28.1-11.el7.noarch
May 18 16:35:58 Updated: kernel-tools-3.10.0-1127.8.2.el7.x86_64
May 18 16:35:58 Updated: 1:perl-Pod-Escapes-1.04-295.el7.noarch
May 18 16:35:59 Updated: 1:nfs-utils-1.3.0-0.66.el7.x86_64
May 18 16:36:00 Updated: 7:lvm2-2.02.186-7.el7_8.2.x86_64
May 18 16:36:01 Updated: cloud-init-18.5-6.el7.centos.x86_64
May 18 16:36:21 Updated: selinux-policy-targeted-3.13.1-266.el7.noarch
May 18 16:36:21 Updated: 1:grub2-2.02-0.81.el7.centos.x86_64
May 18 16:36:21 Updated: plymouth-system-theme-0.8.9-0.33.20140113.el7.centos.x86_64
May 18 16:36:30 Updated: kexec-tools-2.0.15-43.el7.x86_64
May 18 16:36:30 Updated: samba-common-tools-4.10.4-11.el7_8.x86_64
May 18 16:36:31 Updated: avahi-0.6.31-20.el7.x86_64
May 18 16:36:32 Updated: tuned-2.11.0-8.el7.noarch
May 18 16:36:44 Updated: 2:microcode_ctl-2.1-61.el7.x86_64
May 18 16:36:45 Updated: bluez-5.44-6.el7.x86_64
May 18 16:36:45 Updated: rsync-3.1.2-10.el7.x86_64
May 18 16:36:45 Updated: xorg-x11-server-Xorg-1.20.4-10.el7.x86_64
May 18 16:36:45 Updated: rsyslog-8.24.0-52.el7.x86_64
May 18 16:36:45 Updated: dracut-config-rescue-033-568.el7.x86_64
May 18 16:36:45 Updated: dracut-config-generic-033-568.el7.x86_64
May 18 16:36:45 Updated: teamd-1.29-1.el7.x86_64
May 18 16:36:46 Updated: krb5-devel-1.15.1-46.el7.x86_64
May 18 16:36:46 Updated: yum-utils-1.1.31-54.el7_8.noarch
May 18 16:36:46 Updated: 32:bind-utils-9.11.4-16.P2.el7_8.3.x86_64
May 18 16:36:46 Updated: python2-rsa-3.4.1-3.el7.noarch
May 18 16:36:46 Updated: libffi-devel-3.0.13-19.el7.x86_64
May 18 16:36:46 Updated: mesa-libEGL-18.3.4-7.el7_8.1.x86_64
May 18 16:36:46 Updated: mesa-libGL-18.3.4-7.el7_8.1.x86_64
May 18 16:36:46 Updated: avahi-glib-0.6.31-20.el7.x86_64
May 18 16:36:47 Updated: mesa-libxatracker-18.3.4-7.el7_8.1.x86_64
May 18 16:36:47 Updated: sudo-1.8.23-9.el7.x86_64
May 18 16:36:47 Updated: passwd-0.79-6.el7.x86_64
May 18 16:36:47 Updated: shared-mime-info-1.8-5.el7.x86_64
May 18 16:36:48 Updated: ImageMagick-6.9.10.68-3.el7.x86_64
May 18 16:36:48 Updated: PackageKit-glib-1.1.10-2.el7.centos.x86_64
May 18 16:36:48 Updated: numactl-libs-2.0.12-5.el7.x86_64
May 18 16:36:48 Updated: 14:libpcap-1.5.3-12.el7.x86_64
May 18 16:36:48 Updated: libsndfile-1.0.25-11.el7.x86_64
May 18 16:36:49 Updated: iptables-1.4.21-34.el7.x86_64
May 18 16:36:49 Updated: 1:emacs-filesystem-24.3-23.el7.noarch
May 18 16:47:04 Updated: amazon-ssm-agent-2.3.1205.0-1.x86_64
Jun 18 15:17:42 Updated: amazon-ssm-agent-2.3.1319.0-1.x86_64
Jun 18 15:19:30 Updated: 32:bind-license-9.11.4-16.P2.el7_8.6.noarch
Jun 18 15:19:30 Updated: 32:bind-libs-lite-9.11.4-16.P2.el7_8.6.x86_64
Jun 18 15:19:30 Updated: 32:bind-libs-9.11.4-16.P2.el7_8.6.x86_64
Jun 18 15:19:33 Updated: kernel-tools-libs-3.10.0-1127.10.1.el7.x86_64
Jun 18 15:19:37 Updated: kernel-tools-3.10.0-1127.10.1.el7.x86_64
Jun 18 15:19:37 Updated: 32:bind-utils-9.11.4-16.P2.el7_8.6.x86_64
Jun 18 15:19:37 Updated: 32:bind-export-libs-9.11.4-16.P2.el7_8.6.x86_64
Jun 18 15:19:59 Installed: kernel-3.10.0-1127.10.1.el7.x86_64
Jun 18 15:20:23 Updated: 2:microcode_ctl-2.1-61.6.el7_8.x86_64
Jun 18 15:20:27 Updated: python-perf-3.10.0-1127.10.1.el7.x86_64
Jun 18 15:20:27 Updated: libexif-0.6.21-7.el7_8.x86_64
Jul 06 14:40:34 Installed: python-enum34-1.0.4-1.el7.noarch
Jul 06 14:40:34 Installed: sshpass-1.06-2.el7.x86_64
Jul 06 14:40:34 Installed: python2-httplib2-0.18.1-3.el7.noarch
Jul 06 14:40:35 Installed: python2-jmespath-0.9.4-2.el7.noarch
Jul 06 14:40:35 Installed: python-ply-3.4-11.el7.noarch
Jul 06 14:40:35 Installed: python-pycparser-2.14-1.el7.noarch
Jul 06 14:40:35 Installed: python-cffi-1.6.0-5.el7.x86_64
Jul 06 14:40:36 Installed: python-idna-2.4-1.el7.noarch
Jul 06 14:40:36 Installed: python2-cryptography-1.7.2-2.el7.x86_64
Jul 06 14:40:37 Installed: python-paramiko-2.1.1-9.el7.noarch
Jul 06 14:41:14 Installed: ansible-2.9.10-1.el7.noarch
Jul 08 09:32:40 Installed: 2:nmap-ncat-6.40-19.el7.x86_64
Jul 08 09:32:42 Installed: 2:nmap-6.40-19.el7.x86_64
Jul 10 13:28:22 Installed: ansible-lint-3.5.1-1.el7.noarch
Jul 10 20:15:06 Installed: nss_compat_ossl-0.9.6-8.el7.x86_64
Jul 10 20:15:06 Installed: 1:js-1.8.5-20.el7.x86_64
Jul 10 20:15:06 Installed: elinks-0.12-0.37.pre6.el7.0.1.x86_64
Jul 16 11:25:20 Installed: apr-1.4.8-5.el7.x86_64
Jul 16 11:25:20 Installed: apr-util-1.5.2-6.el7.x86_64
Jul 16 11:25:20 Installed: httpd-tools-2.4.6-93.el7.centos.x86_64
Jul 16 11:25:20 Installed: mailcap-2.1.41-2.el7.noarch
Jul 16 11:25:23 Installed: httpd-2.4.6-93.el7.centos.x86_64
Jul 16 11:26:55 Installed: ebtables-2.0.10-16.el7.x86_64
Jul 16 11:26:55 Installed: ipset-libs-7.1-1.el7.x86_64
Jul 16 11:26:55 Installed: ipset-7.1-1.el7.x86_64
Jul 16 11:26:55 Installed: python-slip-0.4.0-4.el7.noarch
Jul 16 11:26:55 Installed: python-slip-dbus-0.4.0-4.el7.noarch
Jul 16 11:26:55 Installed: python-firewall-0.6.3-8.el7_8.1.noarch
Jul 16 11:26:55 Installed: firewalld-filesystem-0.6.3-8.el7_8.1.noarch
Jul 16 11:26:56 Installed: firewalld-0.6.3-8.el7_8.1.noarch
